{"C:\\Users\\jveloper\\Documents\\jweloper\\projects\\demos\\searching-demo\\src\\App.tsx": {"path":"C:\\Users\\jveloper\\Documents\\jweloper\\projects\\demos\\searching-demo\\src\\App.tsx","statementMap":{},"fnMap":{"0":{"name":"App","decl":{"start":{"line":10,"column":9},"end":{"line":10,"column":null}},"loc":{"start":{"line":10,"column":9},"end":{"line":41,"column":null}},"line":10}},"branchMap":{},"s":{},"f":{"0":1},"b":{},"meta":{"lastBranch":0,"lastFunction":1,"lastStatement":0,"seen":{"f:10:9:10:Infinity":0}}}
,"C:\\Users\\jveloper\\Documents\\jweloper\\projects\\demos\\searching-demo\\src\\components\\atomic-desing\\atoms\\index.ts": {"path":"C:\\Users\\jveloper\\Documents\\jweloper\\projects\\demos\\searching-demo\\src\\components\\atomic-desing\\atoms\\index.ts","statementMap":{},"fnMap":{},"branchMap":{},"s":{},"f":{},"b":{},"meta":{"lastBranch":0,"lastFunction":0,"lastStatement":0,"seen":{}}}
,"C:\\Users\\jveloper\\Documents\\jweloper\\projects\\demos\\searching-demo\\src\\components\\atomic-desing\\atoms\\avatar\\index.tsx": {"path":"C:\\Users\\jveloper\\Documents\\jweloper\\projects\\demos\\searching-demo\\src\\components\\atomic-desing\\atoms\\avatar\\index.tsx","statementMap":{"0":{"start":{"line":19,"column":20},"end":{"line":26,"column":null}},"1":{"start":{"line":28,"column":22},"end":{"line":76,"column":null}},"2":{"start":{"line":35,"column":35},"end":{"line":35,"column":null}},"3":{"start":{"line":37,"column":8},"end":{"line":44,"column":null}},"4":{"start":{"line":47,"column":22},"end":{"line":58,"column":null}},"5":{"start":{"line":48,"column":4},"end":{"line":48,"column":null}},"6":{"start":{"line":48,"column":18},"end":{"line":48,"column":null}},"7":{"start":{"line":49,"column":4},"end":{"line":56,"column":null}},"8":{"start":{"line":50,"column":6},"end":{"line":55,"column":null}},"9":{"start":{"line":52,"column":21},"end":{"line":52,"column":28}},"10":{"start":{"line":57,"column":4},"end":{"line":57,"column":null}},"11":{"start":{"line":60,"column":20},"end":{"line":60,"column":null}},"12":{"start":{"line":69,"column":25},"end":{"line":69,"column":null}}},"fnMap":{"0":{"name":"(anonymous_0)","decl":{"start":{"line":28,"column":22},"end":{"line":28,"column":23}},"loc":{"start":{"line":34,"column":14},"end":{"line":76,"column":null}},"line":34},"1":{"name":"(anonymous_1)","decl":{"start":{"line":47,"column":22},"end":{"line":47,"column":null}},"loc":{"start":{"line":47,"column":22},"end":{"line":58,"column":null}},"line":47},"2":{"name":"(anonymous_2)","decl":{"start":{"line":52,"column":13},"end":{"line":52,"column":21}},"loc":{"start":{"line":52,"column":21},"end":{"line":52,"column":28}},"line":52},"3":{"name":"(anonymous_3)","decl":{"start":{"line":69,"column":19},"end":{"line":69,"column":25}},"loc":{"start":{"line":69,"column":25},"end":{"line":69,"column":null}},"line":69}},"branchMap":{"0":{"loc":{"start":{"line":30,"column":2},"end":{"line":30,"column":16}},"type":"default-arg","locations":[{"start":{"line":30,"column":8},"end":{"line":30,"column":16}}],"line":30},"1":{"loc":{"start":{"line":32,"column":2},"end":{"line":32,"column":14}},"type":"default-arg","locations":[{"start":{"line":32,"column":9},"end":{"line":32,"column":14}}],"line":32},"2":{"loc":{"start":{"line":48,"column":4},"end":{"line":48,"column":null}},"type":"if","locations":[{"start":{"line":48,"column":4},"end":{"line":48,"column":null}},{"start":{},"end":{}}],"line":48},"3":{"loc":{"start":{"line":49,"column":4},"end":{"line":56,"column":null}},"type":"if","locations":[{"start":{"line":49,"column":4},"end":{"line":56,"column":null}},{"start":{},"end":{}}],"line":49},"4":{"loc":{"start":{"line":49,"column":8},"end":{"line":49,"column":33}},"type":"binary-expr","locations":[{"start":{"line":49,"column":8},"end":{"line":49,"column":15}},{"start":{"line":49,"column":15},"end":{"line":49,"column":33}}],"line":49},"5":{"loc":{"start":{"line":60,"column":20},"end":{"line":60,"column":null}},"type":"binary-expr","locations":[{"start":{"line":60,"column":20},"end":{"line":60,"column":27}},{"start":{"line":60,"column":27},"end":{"line":60,"column":null}}],"line":60}},"s":{"0":7,"1":7,"2":84,"3":84,"4":84,"5":59,"6":53,"7":6,"8":4,"9":8,"10":2,"11":84,"12":1},"f":{"0":84,"1":59,"2":8,"3":1},"b":{"0":[84],"1":[84],"2":[53,6],"3":[4,2],"4":[6,6],"5":[84,26]},"meta":{"lastBranch":6,"lastFunction":4,"lastStatement":13,"seen":{"s:19:20:26:Infinity":0,"s:28:22:76:Infinity":1,"f:28:22:28:23":0,"b:30:8:30:16":0,"b:32:9:32:14":1,"s:35:35:35:Infinity":2,"s:37:8:44:Infinity":3,"s:47:22:58:Infinity":4,"f:47:22:47:Infinity":1,"b:48:4:48:Infinity:undefined:undefined:undefined:undefined":2,"s:48:4:48:Infinity":5,"s:48:18:48:Infinity":6,"b:49:4:56:Infinity:undefined:undefined:undefined:undefined":3,"s:49:4:56:Infinity":7,"b:49:8:49:15:49:15:49:33":4,"s:50:6:55:Infinity":8,"f:52:13:52:21":2,"s:52:21:52:28":9,"s:57:4:57:Infinity":10,"s:60:20:60:Infinity":11,"b:60:20:60:27:60:27:60:Infinity":5,"f:69:19:69:25":3,"s:69:25:69:Infinity":12}}}
,"C:\\Users\\jveloper\\Documents\\jweloper\\projects\\demos\\searching-demo\\src\\components\\atomic-desing\\atoms\\badge\\index.tsx": {"path":"C:\\Users\\jveloper\\Documents\\jweloper\\projects\\demos\\searching-demo\\src\\components\\atomic-desing\\atoms\\badge\\index.tsx","statementMap":{"0":{"start":{"line":18,"column":23},"end":{"line":21,"column":null}},"1":{"start":{"line":23,"column":20},"end":{"line":27,"column":null}},"2":{"start":{"line":30,"column":2},"end":{"line":30,"column":null}},"3":{"start":{"line":32,"column":21},"end":{"line":52,"column":null}}},"fnMap":{"0":{"name":"(anonymous_0)","decl":{"start":{"line":32,"column":21},"end":{"line":32,"column":22}},"loc":{"start":{"line":38,"column":13},"end":{"line":52,"column":null}},"line":38}},"branchMap":{"0":{"loc":{"start":{"line":34,"column":2},"end":{"line":34,"column":21}},"type":"default-arg","locations":[{"start":{"line":34,"column":12},"end":{"line":34,"column":21}}],"line":34},"1":{"loc":{"start":{"line":35,"column":2},"end":{"line":35,"column":15}},"type":"default-arg","locations":[{"start":{"line":35,"column":9},"end":{"line":35,"column":15}}],"line":35}},"s":{"0":7,"1":7,"2":7,"3":7},"f":{"0":12},"b":{"0":[12],"1":[12]},"meta":{"lastBranch":2,"lastFunction":1,"lastStatement":4,"seen":{"s:18:23:21:Infinity":0,"s:23:20:27:Infinity":1,"s:30:2:30:Infinity":2,"s:32:21:52:Infinity":3,"f:32:21:32:22":0,"b:34:12:34:21":0,"b:35:9:35:15":1}}}
,"C:\\Users\\jveloper\\Documents\\jweloper\\projects\\demos\\searching-demo\\src\\components\\atomic-desing\\atoms\\button\\index.tsx": {"path":"C:\\Users\\jveloper\\Documents\\jweloper\\projects\\demos\\searching-demo\\src\\components\\atomic-desing\\atoms\\button\\index.tsx","statementMap":{"0":{"start":{"line":27,"column":23},"end":{"line":38,"column":null}},"1":{"start":{"line":40,"column":20},"end":{"line":45,"column":null}},"2":{"start":{"line":48,"column":2},"end":{"line":48,"column":null}},"3":{"start":{"line":50,"column":22},"end":{"line":73,"column":null}}},"fnMap":{"0":{"name":"(anonymous_0)","decl":{"start":{"line":50,"column":22},"end":{"line":50,"column":23}},"loc":{"start":{"line":57,"column":14},"end":{"line":73,"column":null}},"line":57}},"branchMap":{"0":{"loc":{"start":{"line":52,"column":2},"end":{"line":52,"column":21}},"type":"default-arg","locations":[{"start":{"line":52,"column":12},"end":{"line":52,"column":21}}],"line":52},"1":{"loc":{"start":{"line":53,"column":2},"end":{"line":53,"column":15}},"type":"default-arg","locations":[{"start":{"line":53,"column":9},"end":{"line":53,"column":15}}],"line":53},"2":{"loc":{"start":{"line":64,"column":8},"end":{"line":64,"column":null}},"type":"binary-expr","locations":[{"start":{"line":64,"column":8},"end":{"line":64,"column":20}},{"start":{"line":64,"column":20},"end":{"line":64,"column":null}}],"line":64}},"s":{"0":7,"1":7,"2":7,"3":7},"f":{"0":89},"b":{"0":[89],"1":[89],"2":[89,4]},"meta":{"lastBranch":3,"lastFunction":1,"lastStatement":4,"seen":{"s:27:23:38:Infinity":0,"s:40:20:45:Infinity":1,"s:48:2:48:Infinity":2,"s:50:22:73:Infinity":3,"f:50:22:50:23":0,"b:52:12:52:21":0,"b:53:9:53:15":1,"b:64:8:64:20:64:20:64:Infinity":2}}}
,"C:\\Users\\jveloper\\Documents\\jweloper\\projects\\demos\\searching-demo\\src\\components\\atomic-desing\\atoms\\input\\index.tsx": {"path":"C:\\Users\\jveloper\\Documents\\jweloper\\projects\\demos\\searching-demo\\src\\components\\atomic-desing\\atoms\\input\\index.tsx","statementMap":{"0":{"start":{"line":22,"column":21},"end":{"line":55,"column":null}}},"fnMap":{"0":{"name":"(anonymous_0)","decl":{"start":{"line":22,"column":21},"end":{"line":22,"column":22}},"loc":{"start":{"line":27,"column":13},"end":{"line":55,"column":null}},"line":27}},"branchMap":{"0":{"loc":{"start":{"line":23,"column":2},"end":{"line":23,"column":42}},"type":"default-arg","locations":[{"start":{"line":23,"column":16},"end":{"line":23,"column":42}}],"line":23},"1":{"loc":{"start":{"line":42,"column":12},"end":{"line":42,"column":null}},"type":"binary-expr","locations":[{"start":{"line":42,"column":12},"end":{"line":42,"column":24}},{"start":{"line":42,"column":24},"end":{"line":42,"column":null}}],"line":42}},"s":{"0":7},"f":{"0":19},"b":{"0":[19],"1":[19,3]},"meta":{"lastBranch":2,"lastFunction":1,"lastStatement":1,"seen":{"s:22:21:55:Infinity":0,"f:22:21:22:22":0,"b:23:16:23:42":0,"b:42:12:42:24:42:24:42:Infinity":1}}}
,"C:\\Users\\jveloper\\Documents\\jweloper\\projects\\demos\\searching-demo\\src\\components\\atomic-desing\\atoms\\text\\index.tsx": {"path":"C:\\Users\\jveloper\\Documents\\jweloper\\projects\\demos\\searching-demo\\src\\components\\atomic-desing\\atoms\\text\\index.tsx","statementMap":{"0":{"start":{"line":18,"column":20},"end":{"line":24,"column":null}},"1":{"start":{"line":26,"column":22},"end":{"line":32,"column":null}},"2":{"start":{"line":34,"column":21},"end":{"line":39,"column":null}},"3":{"start":{"line":41,"column":20},"end":{"line":62,"column":null}}},"fnMap":{"0":{"name":"(anonymous_0)","decl":{"start":{"line":41,"column":20},"end":{"line":41,"column":21}},"loc":{"start":{"line":48,"column":12},"end":{"line":62,"column":null}},"line":48}},"branchMap":{"0":{"loc":{"start":{"line":43,"column":2},"end":{"line":43,"column":13}},"type":"default-arg","locations":[{"start":{"line":43,"column":9},"end":{"line":43,"column":13}}],"line":43},"1":{"loc":{"start":{"line":44,"column":2},"end":{"line":44,"column":19}},"type":"default-arg","locations":[{"start":{"line":44,"column":11},"end":{"line":44,"column":19}}],"line":44},"2":{"loc":{"start":{"line":45,"column":2},"end":{"line":45,"column":16}},"type":"default-arg","locations":[{"start":{"line":45,"column":10},"end":{"line":45,"column":16}}],"line":45},"3":{"loc":{"start":{"line":46,"column":2},"end":{"line":46,"column":18}},"type":"default-arg","locations":[{"start":{"line":46,"column":13},"end":{"line":46,"column":18}}],"line":46},"4":{"loc":{"start":{"line":55,"column":8},"end":{"line":55,"column":null}},"type":"binary-expr","locations":[{"start":{"line":55,"column":8},"end":{"line":55,"column":20}},{"start":{"line":55,"column":20},"end":{"line":55,"column":null}}],"line":55}},"s":{"0":7,"1":7,"2":7,"3":7},"f":{"0":68},"b":{"0":[68],"1":[68],"2":[68],"3":[68],"4":[68,30]},"meta":{"lastBranch":5,"lastFunction":1,"lastStatement":4,"seen":{"s:18:20:24:Infinity":0,"s:26:22:32:Infinity":1,"s:34:21:39:Infinity":2,"s:41:20:62:Infinity":3,"f:41:20:41:21":0,"b:43:9:43:13":0,"b:44:11:44:19":1,"b:45:10:45:16":2,"b:46:13:46:18":3,"b:55:8:55:20:55:20:55:Infinity":4}}}
,"C:\\Users\\jveloper\\Documents\\jweloper\\projects\\demos\\searching-demo\\src\\components\\atomic-desing\\atoms\\title\\index.tsx": {"path":"C:\\Users\\jveloper\\Documents\\jweloper\\projects\\demos\\searching-demo\\src\\components\\atomic-desing\\atoms\\title\\index.tsx","statementMap":{"0":{"start":{"line":30,"column":27},"end":{"line":37,"column":null}},"1":{"start":{"line":39,"column":20},"end":{"line":50,"column":null}},"2":{"start":{"line":52,"column":21},"end":{"line":56,"column":null}},"3":{"start":{"line":58,"column":20},"end":{"line":65,"column":null}},"4":{"start":{"line":67,"column":21},"end":{"line":91,"column":null}},"5":{"start":{"line":75,"column":20},"end":{"line":75,"column":72}},"6":{"start":{"line":77,"column":2},"end":{"line":89,"column":null}}},"fnMap":{"0":{"name":"(anonymous_0)","decl":{"start":{"line":67,"column":21},"end":{"line":67,"column":22}},"loc":{"start":{"line":74,"column":13},"end":{"line":91,"column":null}},"line":74}},"branchMap":{"0":{"loc":{"start":{"line":69,"column":2},"end":{"line":69,"column":11}},"type":"default-arg","locations":[{"start":{"line":69,"column":10},"end":{"line":69,"column":11}}],"line":69},"1":{"loc":{"start":{"line":71,"column":2},"end":{"line":71,"column":16}},"type":"default-arg","locations":[{"start":{"line":71,"column":10},"end":{"line":71,"column":16}}],"line":71},"2":{"loc":{"start":{"line":72,"column":2},"end":{"line":72,"column":18}},"type":"default-arg","locations":[{"start":{"line":72,"column":13},"end":{"line":72,"column":18}}],"line":72},"3":{"loc":{"start":{"line":75,"column":20},"end":{"line":75,"column":72}},"type":"cond-expr","locations":[{"start":{"line":75,"column":27},"end":{"line":75,"column":44}},{"start":{"line":75,"column":47},"end":{"line":75,"column":72}}],"line":75},"4":{"loc":{"start":{"line":85,"column":8},"end":{"line":85,"column":null}},"type":"binary-expr","locations":[{"start":{"line":85,"column":8},"end":{"line":85,"column":20}},{"start":{"line":85,"column":20},"end":{"line":85,"column":null}}],"line":85}},"s":{"0":7,"1":7,"2":7,"3":7,"4":7,"5":90,"6":90},"f":{"0":90},"b":{"0":[90],"1":[90],"2":[90],"3":[69,21],"4":[90,30]},"meta":{"lastBranch":5,"lastFunction":1,"lastStatement":7,"seen":{"s:30:27:37:Infinity":0,"s:39:20:50:Infinity":1,"s:52:21:56:Infinity":2,"s:58:20:65:Infinity":3,"s:67:21:91:Infinity":4,"f:67:21:67:22":0,"b:69:10:69:11":0,"b:71:10:71:16":1,"b:72:13:72:18":2,"s:75:20:75:72":5,"b:75:27:75:44:75:47:75:72":3,"s:77:2:89:Infinity":6,"b:85:8:85:20:85:20:85:Infinity":4}}}
,"C:\\Users\\jveloper\\Documents\\jweloper\\projects\\demos\\searching-demo\\src\\components\\atomic-desing\\molecules\\index.ts": {"path":"C:\\Users\\jveloper\\Documents\\jweloper\\projects\\demos\\searching-demo\\src\\components\\atomic-desing\\molecules\\index.ts","statementMap":{},"fnMap":{},"branchMap":{},"s":{},"f":{},"b":{},"meta":{"lastBranch":0,"lastFunction":0,"lastStatement":0,"seen":{}}}
,"C:\\Users\\jveloper\\Documents\\jweloper\\projects\\demos\\searching-demo\\src\\components\\atomic-desing\\molecules\\avatar-button\\index.tsx": {"path":"C:\\Users\\jveloper\\Documents\\jweloper\\projects\\demos\\searching-demo\\src\\components\\atomic-desing\\molecules\\avatar-button\\index.tsx","statementMap":{"0":{"start":{"line":21,"column":28},"end":{"line":42,"column":null}}},"fnMap":{"0":{"name":"(anonymous_0)","decl":{"start":{"line":21,"column":28},"end":{"line":21,"column":29}},"loc":{"start":{"line":26,"column":20},"end":{"line":42,"column":null}},"line":26}},"branchMap":{},"s":{"0":3},"f":{"0":28},"b":{},"meta":{"lastBranch":0,"lastFunction":1,"lastStatement":1,"seen":{"s:21:28:42:Infinity":0,"f:21:28:21:29":0}}}
,"C:\\Users\\jveloper\\Documents\\jweloper\\projects\\demos\\searching-demo\\src\\components\\atomic-desing\\molecules\\card-a\\index.tsx": {"path":"C:\\Users\\jveloper\\Documents\\jweloper\\projects\\demos\\searching-demo\\src\\components\\atomic-desing\\molecules\\card-a\\index.tsx","statementMap":{"0":{"start":{"line":41,"column":21},"end":{"line":114,"column":null}},"1":{"start":{"line":51,"column":29},"end":{"line":51,"column":null}},"2":{"start":{"line":57,"column":26},"end":{"line":60,"column":null}},"3":{"start":{"line":58,"column":4},"end":{"line":58,"column":null}},"4":{"start":{"line":59,"column":4},"end":{"line":59,"column":null}},"5":{"start":{"line":62,"column":8},"end":{"line":64,"column":null}},"6":{"start":{"line":97,"column":2},"end":{"line":107,"column":null}}},"fnMap":{"0":{"name":"(anonymous_0)","decl":{"start":{"line":41,"column":21},"end":{"line":41,"column":22}},"loc":{"start":{"line":49,"column":13},"end":{"line":114,"column":null}},"line":49},"1":{"name":"(anonymous_1)","decl":{"start":{"line":57,"column":26},"end":{"line":57,"column":null}},"loc":{"start":{"line":57,"column":26},"end":{"line":60,"column":null}},"line":57}},"branchMap":{"0":{"loc":{"start":{"line":47,"column":2},"end":{"line":47,"column":12}},"type":"default-arg","locations":[{"start":{"line":47,"column":7},"end":{"line":47,"column":12}}],"line":47},"1":{"loc":{"start":{"line":89,"column":12},"end":{"line":89,"column":null}},"type":"binary-expr","locations":[{"start":{"line":89,"column":12},"end":{"line":89,"column":23}},{"start":{"line":89,"column":23},"end":{"line":89,"column":null}}],"line":89},"2":{"loc":{"start":{"line":91,"column":16},"end":{"line":91,"column":null}},"type":"cond-expr","locations":[{"start":{"line":91,"column":26},"end":{"line":91,"column":40}},{"start":{"line":91,"column":40},"end":{"line":91,"column":null}}],"line":91},"3":{"loc":{"start":{"line":97,"column":2},"end":{"line":107,"column":null}},"type":"if","locations":[{"start":{"line":97,"column":2},"end":{"line":107,"column":null}},{"start":{},"end":{}}],"line":97}},"s":{"0":2,"1":28,"2":28,"3":4,"4":4,"5":28,"6":28},"f":{"0":28,"1":4},"b":{"0":[28],"1":[28,3],"2":[3,25],"3":[0,28]},"meta":{"lastBranch":4,"lastFunction":2,"lastStatement":7,"seen":{"s:41:21:114:Infinity":0,"f:41:21:41:22":0,"b:47:7:47:12":0,"s:51:29:51:Infinity":1,"s:57:26:60:Infinity":2,"f:57:26:57:Infinity":1,"s:58:4:58:Infinity":3,"s:59:4:59:Infinity":4,"s:62:8:64:Infinity":5,"b:89:12:89:23:89:23:89:Infinity":1,"b:91:26:91:40:91:40:91:Infinity":2,"b:97:2:107:Infinity:undefined:undefined:undefined:undefined":3,"s:97:2:107:Infinity":6}}}
,"C:\\Users\\jveloper\\Documents\\jweloper\\projects\\demos\\searching-demo\\src\\components\\atomic-desing\\molecules\\header\\index.tsx": {"path":"C:\\Users\\jveloper\\Documents\\jweloper\\projects\\demos\\searching-demo\\src\\components\\atomic-desing\\molecules\\header\\index.tsx","statementMap":{"0":{"start":{"line":22,"column":22},"end":{"line":29,"column":null}}},"fnMap":{"0":{"name":"(anonymous_0)","decl":{"start":{"line":22,"column":22},"end":{"line":22,"column":23}},"loc":{"start":{"line":22,"column":64},"end":{"line":29,"column":null}},"line":22}},"branchMap":{},"s":{"0":2},"f":{"0":12},"b":{},"meta":{"lastBranch":0,"lastFunction":1,"lastStatement":1,"seen":{"s:22:22:29:Infinity":0,"f:22:22:22:23":0}}}
,"C:\\Users\\jveloper\\Documents\\jweloper\\projects\\demos\\searching-demo\\src\\components\\atomic-desing\\molecules\\message\\index.tsx": {"path":"C:\\Users\\jveloper\\Documents\\jweloper\\projects\\demos\\searching-demo\\src\\components\\atomic-desing\\molecules\\message\\index.tsx","statementMap":{"0":{"start":{"line":26,"column":23},"end":{"line":41,"column":null}}},"fnMap":{"0":{"name":"(anonymous_0)","decl":{"start":{"line":26,"column":23},"end":{"line":26,"column":24}},"loc":{"start":{"line":31,"column":15},"end":{"line":41,"column":null}},"line":31}},"branchMap":{},"s":{"0":2},"f":{"0":21},"b":{},"meta":{"lastBranch":0,"lastFunction":1,"lastStatement":1,"seen":{"s:26:23:41:Infinity":0,"f:26:23:26:24":0}}}
,"C:\\Users\\jveloper\\Documents\\jweloper\\projects\\demos\\searching-demo\\src\\components\\atomic-desing\\molecules\\popover\\index.tsx": {"path":"C:\\Users\\jveloper\\Documents\\jweloper\\projects\\demos\\searching-demo\\src\\components\\atomic-desing\\molecules\\popover\\index.tsx","statementMap":{"0":{"start":{"line":28,"column":6},"end":{"line":28,"column":null}},"1":{"start":{"line":30,"column":26},"end":{"line":36,"column":null}},"2":{"start":{"line":31,"column":8},"end":{"line":31,"column":null}},"3":{"start":{"line":32,"column":2},"end":{"line":34,"column":null}},"4":{"start":{"line":33,"column":4},"end":{"line":33,"column":null}},"5":{"start":{"line":35,"column":2},"end":{"line":35,"column":null}},"6":{"start":{"line":45,"column":23},"end":{"line":76,"column":null}},"7":{"start":{"line":51,"column":39},"end":{"line":51,"column":null}},"8":{"start":{"line":52,"column":8},"end":{"line":52,"column":null}},"9":{"start":{"line":54,"column":15},"end":{"line":54,"column":null}},"10":{"start":{"line":56,"column":8},"end":{"line":63,"column":null}},"11":{"start":{"line":58,"column":6},"end":{"line":60,"column":null}},"12":{"start":{"line":59,"column":8},"end":{"line":59,"column":null}},"13":{"start":{"line":61,"column":6},"end":{"line":61,"column":null}},"14":{"start":{"line":66,"column":8},"end":{"line":68,"column":null}},"15":{"start":{"line":67,"column":11},"end":{"line":67,"column":null}},"16":{"start":{"line":86,"column":30},"end":{"line":102,"column":null}},"17":{"start":{"line":87,"column":39},"end":{"line":87,"column":null}},"18":{"start":{"line":89,"column":2},"end":{"line":91,"column":null}},"19":{"start":{"line":90,"column":4},"end":{"line":90,"column":null}},"20":{"start":{"line":93,"column":2},"end":{"line":101,"column":null}},"21":{"start":{"line":97,"column":30},"end":{"line":97,"column":null}},"22":{"start":{"line":98,"column":6},"end":{"line":98,"column":null}},"23":{"start":{"line":99,"column":6},"end":{"line":99,"column":null}},"24":{"start":{"line":112,"column":21},"end":{"line":118,"column":null}},"25":{"start":{"line":120,"column":30},"end":{"line":271,"column":null}},"26":{"start":{"line":129,"column":45},"end":{"line":129,"column":null}},"27":{"start":{"line":130,"column":8},"end":{"line":130,"column":null}},"28":{"start":{"line":132,"column":2},"end":{"line":159,"column":null}},"29":{"start":{"line":133,"column":4},"end":{"line":133,"column":null}},"30":{"start":{"line":133,"column":15},"end":{"line":133,"column":null}},"31":{"start":{"line":135,"column":25},"end":{"line":139,"column":null}},"32":{"start":{"line":136,"column":6},"end":{"line":138,"column":null}},"33":{"start":{"line":137,"column":8},"end":{"line":137,"column":null}},"34":{"start":{"line":141,"column":31},"end":{"line":150,"column":null}},"35":{"start":{"line":142,"column":6},"end":{"line":149,"column":null}},"36":{"start":{"line":148,"column":8},"end":{"line":148,"column":null}},"37":{"start":{"line":152,"column":4},"end":{"line":152,"column":null}},"38":{"start":{"line":153,"column":4},"end":{"line":153,"column":null}},"39":{"start":{"line":155,"column":4},"end":{"line":158,"column":null}},"40":{"start":{"line":156,"column":6},"end":{"line":156,"column":null}},"41":{"start":{"line":157,"column":6},"end":{"line":157,"column":null}},"42":{"start":{"line":161,"column":2},"end":{"line":217,"column":null}},"43":{"start":{"line":162,"column":4},"end":{"line":162,"column":null}},"44":{"start":{"line":162,"column":61},"end":{"line":162,"column":null}},"45":{"start":{"line":164,"column":27},"end":{"line":207,"column":null}},"46":{"start":{"line":165,"column":6},"end":{"line":165,"column":null}},"47":{"start":{"line":165,"column":54},"end":{"line":165,"column":null}},"48":{"start":{"line":167,"column":26},"end":{"line":167,"column":null}},"49":{"start":{"line":168,"column":26},"end":{"line":168,"column":null}},"50":{"start":{"line":170,"column":16},"end":{"line":170,"column":null}},"51":{"start":{"line":171,"column":17},"end":{"line":171,"column":null}},"52":{"start":{"line":174,"column":6},"end":{"line":177,"column":null}},"53":{"start":{"line":174,"column":26},"end":{"line":174,"column":null}},"54":{"start":{"line":175,"column":11},"end":{"line":177,"column":null}},"55":{"start":{"line":175,"column":34},"end":{"line":175,"column":null}},"56":{"start":{"line":176,"column":11},"end":{"line":177,"column":null}},"57":{"start":{"line":176,"column":32},"end":{"line":176,"column":null}},"58":{"start":{"line":177,"column":11},"end":{"line":177,"column":null}},"59":{"start":{"line":177,"column":33},"end":{"line":177,"column":null}},"60":{"start":{"line":180,"column":6},"end":{"line":192,"column":null}},"61":{"start":{"line":181,"column":8},"end":{"line":185,"column":null}},"62":{"start":{"line":181,"column":31},"end":{"line":181,"column":null}},"63":{"start":{"line":182,"column":13},"end":{"line":185,"column":null}},"64":{"start":{"line":183,"column":10},"end":{"line":184,"column":null}},"65":{"start":{"line":185,"column":13},"end":{"line":185,"column":null}},"66":{"start":{"line":185,"column":34},"end":{"line":185,"column":null}},"67":{"start":{"line":187,"column":8},"end":{"line":191,"column":null}},"68":{"start":{"line":187,"column":31},"end":{"line":187,"column":null}},"69":{"start":{"line":188,"column":13},"end":{"line":191,"column":null}},"70":{"start":{"line":189,"column":10},"end":{"line":190,"column":null}},"71":{"start":{"line":191,"column":13},"end":{"line":191,"column":null}},"72":{"start":{"line":191,"column":34},"end":{"line":191,"column":null}},"73":{"start":{"line":195,"column":22},"end":{"line":195,"column":null}},"74":{"start":{"line":196,"column":6},"end":{"line":198,"column":null}},"75":{"start":{"line":200,"column":6},"end":{"line":202,"column":null}},"76":{"start":{"line":205,"column":6},"end":{"line":205,"column":null}},"77":{"start":{"line":206,"column":6},"end":{"line":206,"column":null}},"78":{"start":{"line":209,"column":4},"end":{"line":209,"column":null}},"79":{"start":{"line":210,"column":4},"end":{"line":210,"column":null}},"80":{"start":{"line":211,"column":4},"end":{"line":211,"column":null}},"81":{"start":{"line":213,"column":4},"end":{"line":216,"column":null}},"82":{"start":{"line":214,"column":6},"end":{"line":214,"column":null}},"83":{"start":{"line":215,"column":6},"end":{"line":215,"column":null}},"84":{"start":{"line":219,"column":2},"end":{"line":219,"column":null}},"85":{"start":{"line":219,"column":13},"end":{"line":219,"column":null}},"86":{"start":{"line":221,"column":26},"end":{"line":237,"column":null}},"87":{"start":{"line":222,"column":22},"end":{"line":222,"column":74}},"88":{"start":{"line":224,"column":33},"end":{"line":224,"column":null}},"89":{"start":{"line":225,"column":4},"end":{"line":231,"column":null}},"90":{"start":{"line":226,"column":6},"end":{"line":230,"column":null}},"91":{"start":{"line":227,"column":8},"end":{"line":227,"column":null}},"92":{"start":{"line":229,"column":8},"end":{"line":229,"column":null}},"93":{"start":{"line":233,"column":4},"end":{"line":235,"column":null}},"94":{"start":{"line":234,"column":6},"end":{"line":234,"column":null}},"95":{"start":{"line":236,"column":4},"end":{"line":236,"column":null}},"96":{"start":{"line":239,"column":24},"end":{"line":251,"column":null}},"97":{"start":{"line":240,"column":42},"end":{"line":240,"column":null}},"98":{"start":{"line":241,"column":4},"end":{"line":243,"column":null}},"99":{"start":{"line":242,"column":6},"end":{"line":242,"column":null}},"100":{"start":{"line":244,"column":4},"end":{"line":249,"column":null}},"101":{"start":{"line":245,"column":6},"end":{"line":245,"column":null}},"102":{"start":{"line":246,"column":6},"end":{"line":248,"column":null}},"103":{"start":{"line":247,"column":8},"end":{"line":247,"column":null}},"104":{"start":{"line":250,"column":4},"end":{"line":250,"column":null}},"105":{"start":{"line":253,"column":2},"end":{"line":269,"column":null}}},"fnMap":{"0":{"name":"(anonymous_0)","decl":{"start":{"line":30,"column":26},"end":{"line":30,"column":null}},"loc":{"start":{"line":30,"column":26},"end":{"line":36,"column":null}},"line":30},"1":{"name":"(anonymous_1)","decl":{"start":{"line":45,"column":23},"end":{"line":45,"column":24}},"loc":{"start":{"line":50,"column":15},"end":{"line":76,"column":null}},"line":50},"2":{"name":"(anonymous_2)","decl":{"start":{"line":57,"column":4},"end":{"line":57,"column":5}},"loc":{"start":{"line":57,"column":5},"end":{"line":62,"column":null}},"line":57},"3":{"name":"(anonymous_3)","decl":{"start":{"line":67,"column":4},"end":{"line":67,"column":11}},"loc":{"start":{"line":67,"column":11},"end":{"line":67,"column":null}},"line":67},"4":{"name":"(anonymous_4)","decl":{"start":{"line":86,"column":30},"end":{"line":86,"column":31}},"loc":{"start":{"line":86,"column":74},"end":{"line":102,"column":null}},"line":86},"5":{"name":"(anonymous_5)","decl":{"start":{"line":96,"column":13},"end":{"line":96,"column":14}},"loc":{"start":{"line":96,"column":14},"end":{"line":100,"column":null}},"line":96},"6":{"name":"(anonymous_6)","decl":{"start":{"line":120,"column":30},"end":{"line":120,"column":31}},"loc":{"start":{"line":128,"column":22},"end":{"line":271,"column":null}},"line":128},"7":{"name":"(anonymous_7)","decl":{"start":{"line":132,"column":12},"end":{"line":132,"column":null}},"loc":{"start":{"line":132,"column":12},"end":{"line":159,"column":5}},"line":132},"8":{"name":"(anonymous_8)","decl":{"start":{"line":135,"column":25},"end":{"line":135,"column":26}},"loc":{"start":{"line":135,"column":26},"end":{"line":139,"column":null}},"line":135},"9":{"name":"(anonymous_9)","decl":{"start":{"line":141,"column":31},"end":{"line":141,"column":32}},"loc":{"start":{"line":141,"column":32},"end":{"line":150,"column":null}},"line":141},"10":{"name":"(anonymous_10)","decl":{"start":{"line":155,"column":11},"end":{"line":155,"column":null}},"loc":{"start":{"line":155,"column":11},"end":{"line":158,"column":null}},"line":155},"11":{"name":"(anonymous_11)","decl":{"start":{"line":161,"column":12},"end":{"line":161,"column":null}},"loc":{"start":{"line":161,"column":12},"end":{"line":217,"column":5}},"line":161},"12":{"name":"(anonymous_12)","decl":{"start":{"line":164,"column":27},"end":{"line":164,"column":null}},"loc":{"start":{"line":164,"column":27},"end":{"line":207,"column":null}},"line":164},"13":{"name":"(anonymous_13)","decl":{"start":{"line":213,"column":11},"end":{"line":213,"column":null}},"loc":{"start":{"line":213,"column":11},"end":{"line":216,"column":null}},"line":213},"14":{"name":"(anonymous_14)","decl":{"start":{"line":221,"column":26},"end":{"line":221,"column":null}},"loc":{"start":{"line":221,"column":26},"end":{"line":237,"column":null}},"line":221},"15":{"name":"(anonymous_15)","decl":{"start":{"line":239,"column":24},"end":{"line":239,"column":null}},"loc":{"start":{"line":239,"column":24},"end":{"line":251,"column":null}},"line":239}},"branchMap":{"0":{"loc":{"start":{"line":32,"column":2},"end":{"line":34,"column":null}},"type":"if","locations":[{"start":{"line":32,"column":2},"end":{"line":34,"column":null}},{"start":{},"end":{}}],"line":32},"1":{"loc":{"start":{"line":47,"column":2},"end":{"line":47,"column":21}},"type":"default-arg","locations":[{"start":{"line":47,"column":16},"end":{"line":47,"column":21}}],"line":47},"2":{"loc":{"start":{"line":54,"column":15},"end":{"line":54,"column":null}},"type":"binary-expr","locations":[{"start":{"line":54,"column":15},"end":{"line":54,"column":33}},{"start":{"line":54,"column":33},"end":{"line":54,"column":null}}],"line":54},"3":{"loc":{"start":{"line":58,"column":6},"end":{"line":60,"column":null}},"type":"if","locations":[{"start":{"line":58,"column":6},"end":{"line":60,"column":null}},{"start":{},"end":{}}],"line":58},"4":{"loc":{"start":{"line":89,"column":2},"end":{"line":91,"column":null}},"type":"if","locations":[{"start":{"line":89,"column":2},"end":{"line":91,"column":null}},{"start":{},"end":{}}],"line":89},"5":{"loc":{"start":{"line":123,"column":2},"end":{"line":123,"column":18}},"type":"default-arg","locations":[{"start":{"line":123,"column":10},"end":{"line":123,"column":18}}],"line":123},"6":{"loc":{"start":{"line":124,"column":2},"end":{"line":124,"column":17}},"type":"default-arg","locations":[{"start":{"line":124,"column":9},"end":{"line":124,"column":17}}],"line":124},"7":{"loc":{"start":{"line":125,"column":2},"end":{"line":125,"column":16}},"type":"default-arg","locations":[{"start":{"line":125,"column":10},"end":{"line":125,"column":16}}],"line":125},"8":{"loc":{"start":{"line":133,"column":4},"end":{"line":133,"column":null}},"type":"if","locations":[{"start":{"line":133,"column":4},"end":{"line":133,"column":null}},{"start":{},"end":{}}],"line":133},"9":{"loc":{"start":{"line":136,"column":6},"end":{"line":138,"column":null}},"type":"if","locations":[{"start":{"line":136,"column":6},"end":{"line":138,"column":null}},{"start":{},"end":{}}],"line":136},"10":{"loc":{"start":{"line":142,"column":6},"end":{"line":149,"column":null}},"type":"if","locations":[{"start":{"line":142,"column":6},"end":{"line":149,"column":null}},{"start":{},"end":{}}],"line":142},"11":{"loc":{"start":{"line":143,"column":8},"end":{"line":146,"column":null}},"type":"binary-expr","locations":[{"start":{"line":143,"column":8},"end":{"line":143,"column":26}},{"start":{"line":144,"column":8},"end":{"line":144,"column":26}},{"start":{"line":145,"column":8},"end":{"line":145,"column":null}},{"start":{"line":146,"column":8},"end":{"line":146,"column":null}}],"line":143},"12":{"loc":{"start":{"line":162,"column":4},"end":{"line":162,"column":null}},"type":"if","locations":[{"start":{"line":162,"column":4},"end":{"line":162,"column":null}},{"start":{},"end":{}}],"line":162},"13":{"loc":{"start":{"line":162,"column":8},"end":{"line":162,"column":59}},"type":"binary-expr","locations":[{"start":{"line":162,"column":8},"end":{"line":162,"column":17}},{"start":{"line":162,"column":17},"end":{"line":162,"column":36}},{"start":{"line":162,"column":40},"end":{"line":162,"column":59}}],"line":162},"14":{"loc":{"start":{"line":165,"column":6},"end":{"line":165,"column":null}},"type":"if","locations":[{"start":{"line":165,"column":6},"end":{"line":165,"column":null}},{"start":{},"end":{}}],"line":165},"15":{"loc":{"start":{"line":165,"column":10},"end":{"line":165,"column":52}},"type":"binary-expr","locations":[{"start":{"line":165,"column":10},"end":{"line":165,"column":29}},{"start":{"line":165,"column":33},"end":{"line":165,"column":52}}],"line":165},"16":{"loc":{"start":{"line":174,"column":6},"end":{"line":177,"column":null}},"type":"if","locations":[{"start":{"line":174,"column":6},"end":{"line":177,"column":null}},{"start":{"line":175,"column":11},"end":{"line":177,"column":null}}],"line":174},"17":{"loc":{"start":{"line":175,"column":11},"end":{"line":177,"column":null}},"type":"if","locations":[{"start":{"line":175,"column":11},"end":{"line":177,"column":null}},{"start":{"line":176,"column":11},"end":{"line":177,"column":null}}],"line":175},"18":{"loc":{"start":{"line":176,"column":11},"end":{"line":177,"column":null}},"type":"if","locations":[{"start":{"line":176,"column":11},"end":{"line":177,"column":null}},{"start":{"line":177,"column":11},"end":{"line":177,"column":null}}],"line":176},"19":{"loc":{"start":{"line":177,"column":11},"end":{"line":177,"column":null}},"type":"if","locations":[{"start":{"line":177,"column":11},"end":{"line":177,"column":null}},{"start":{},"end":{}}],"line":177},"20":{"loc":{"start":{"line":180,"column":6},"end":{"line":192,"column":null}},"type":"if","locations":[{"start":{"line":180,"column":6},"end":{"line":192,"column":null}},{"start":{"line":186,"column":13},"end":{"line":192,"column":null}}],"line":180},"21":{"loc":{"start":{"line":180,"column":10},"end":{"line":180,"column":47}},"type":"binary-expr","locations":[{"start":{"line":180,"column":10},"end":{"line":180,"column":28}},{"start":{"line":180,"column":28},"end":{"line":180,"column":47}}],"line":180},"22":{"loc":{"start":{"line":181,"column":8},"end":{"line":185,"column":null}},"type":"if","locations":[{"start":{"line":181,"column":8},"end":{"line":185,"column":null}},{"start":{"line":182,"column":13},"end":{"line":185,"column":null}}],"line":181},"23":{"loc":{"start":{"line":182,"column":13},"end":{"line":185,"column":null}},"type":"if","locations":[{"start":{"line":182,"column":13},"end":{"line":185,"column":null}},{"start":{"line":185,"column":13},"end":{"line":185,"column":null}}],"line":182},"24":{"loc":{"start":{"line":185,"column":13},"end":{"line":185,"column":null}},"type":"if","locations":[{"start":{"line":185,"column":13},"end":{"line":185,"column":null}},{"start":{},"end":{}}],"line":185},"25":{"loc":{"start":{"line":187,"column":8},"end":{"line":191,"column":null}},"type":"if","locations":[{"start":{"line":187,"column":8},"end":{"line":191,"column":null}},{"start":{"line":188,"column":13},"end":{"line":191,"column":null}}],"line":187},"26":{"loc":{"start":{"line":188,"column":13},"end":{"line":191,"column":null}},"type":"if","locations":[{"start":{"line":188,"column":13},"end":{"line":191,"column":null}},{"start":{"line":191,"column":13},"end":{"line":191,"column":null}}],"line":188},"27":{"loc":{"start":{"line":191,"column":13},"end":{"line":191,"column":null}},"type":"if","locations":[{"start":{"line":191,"column":13},"end":{"line":191,"column":null}},{"start":{},"end":{}}],"line":191},"28":{"loc":{"start":{"line":219,"column":2},"end":{"line":219,"column":null}},"type":"if","locations":[{"start":{"line":219,"column":2},"end":{"line":219,"column":null}},{"start":{},"end":{}}],"line":219},"29":{"loc":{"start":{"line":222,"column":22},"end":{"line":222,"column":74}},"type":"cond-expr","locations":[{"start":{"line":222,"column":50},"end":{"line":222,"column":55}},{"start":{"line":222,"column":55},"end":{"line":222,"column":74}}],"line":222},"30":{"loc":{"start":{"line":225,"column":4},"end":{"line":231,"column":null}},"type":"if","locations":[{"start":{"line":225,"column":4},"end":{"line":231,"column":null}},{"start":{},"end":{}}],"line":225},"31":{"loc":{"start":{"line":226,"column":6},"end":{"line":230,"column":null}},"type":"if","locations":[{"start":{"line":226,"column":6},"end":{"line":230,"column":null}},{"start":{"line":228,"column":13},"end":{"line":230,"column":null}}],"line":226},"32":{"loc":{"start":{"line":233,"column":4},"end":{"line":235,"column":null}},"type":"if","locations":[{"start":{"line":233,"column":4},"end":{"line":235,"column":null}},{"start":{},"end":{}}],"line":233},"33":{"loc":{"start":{"line":241,"column":4},"end":{"line":243,"column":null}},"type":"if","locations":[{"start":{"line":241,"column":4},"end":{"line":243,"column":null}},{"start":{},"end":{}}],"line":241},"34":{"loc":{"start":{"line":244,"column":4},"end":{"line":249,"column":null}},"type":"if","locations":[{"start":{"line":244,"column":4},"end":{"line":249,"column":null}},{"start":{},"end":{}}],"line":244},"35":{"loc":{"start":{"line":244,"column":8},"end":{"line":244,"column":56}},"type":"binary-expr","locations":[{"start":{"line":244,"column":8},"end":{"line":244,"column":23}},{"start":{"line":244,"column":23},"end":{"line":244,"column":56}}],"line":244},"36":{"loc":{"start":{"line":246,"column":6},"end":{"line":248,"column":null}},"type":"if","locations":[{"start":{"line":246,"column":6},"end":{"line":248,"column":null}},{"start":{},"end":{}}],"line":246}},"s":{"0":2,"1":2,"2":76,"3":76,"4":0,"5":76,"6":2,"7":40,"8":40,"9":40,"10":40,"11":6,"12":4,"13":6,"14":40,"15":39,"16":2,"17":40,"18":40,"19":2,"20":37,"21":4,"22":4,"23":4,"24":2,"25":2,"26":37,"27":37,"28":37,"29":37,"30":9,"31":28,"32":1,"33":1,"34":28,"35":1,"36":1,"37":28,"38":28,"39":28,"40":28,"41":28,"42":37,"43":37,"44":9,"45":28,"46":28,"47":0,"48":28,"49":28,"50":28,"51":28,"52":28,"53":2,"54":26,"55":23,"56":3,"57":1,"58":2,"59":2,"60":28,"61":25,"62":1,"63":24,"64":23,"65":1,"66":1,"67":3,"68":1,"69":2,"70":2,"71":0,"72":0,"73":28,"74":28,"75":28,"76":28,"77":28,"78":28,"79":28,"80":28,"81":28,"82":28,"83":28,"84":37,"85":9,"86":28,"87":28,"88":28,"89":28,"90":3,"91":1,"92":2,"93":28,"94":2,"95":26,"96":28,"97":28,"98":28,"99":1,"100":28,"101":1,"102":1,"103":0,"104":28,"105":28},"f":{"0":76,"1":40,"2":6,"3":39,"4":40,"5":4,"6":37,"7":37,"8":1,"9":1,"10":28,"11":37,"12":28,"13":28,"14":28,"15":28},"b":{"0":[0,76],"1":[40],"2":[40,14],"3":[4,2],"4":[2,38],"5":[37],"6":[37],"7":[37],"8":[9,28],"9":[1,0],"10":[1,0],"11":[1,1,1,1],"12":[9,28],"13":[37,28,28],"14":[0,28],"15":[28,28],"16":[2,26],"17":[23,3],"18":[1,2],"19":[2,0],"20":[25,3],"21":[28,26],"22":[1,24],"23":[23,1],"24":[1,0],"25":[1,2],"26":[2,0],"27":[0,0],"28":[9,28],"29":[1,27],"30":[3,25],"31":[1,2],"32":[2,26],"33":[1,27],"34":[1,27],"35":[28,3],"36":[0,1]},"meta":{"lastBranch":37,"lastFunction":16,"lastStatement":106,"seen":{"s:28:6:28:Infinity":0,"s:30:26:36:Infinity":1,"f:30:26:30:Infinity":0,"s:31:8:31:Infinity":2,"b:32:2:34:Infinity:undefined:undefined:undefined:undefined":0,"s:32:2:34:Infinity":3,"s:33:4:33:Infinity":4,"s:35:2:35:Infinity":5,"s:45:23:76:Infinity":6,"f:45:23:45:24":1,"b:47:16:47:21":1,"s:51:39:51:Infinity":7,"s:52:8:52:Infinity":8,"s:54:15:54:Infinity":9,"b:54:15:54:33:54:33:54:Infinity":2,"s:56:8:63:Infinity":10,"f:57:4:57:5":2,"b:58:6:60:Infinity:undefined:undefined:undefined:undefined":3,"s:58:6:60:Infinity":11,"s:59:8:59:Infinity":12,"s:61:6:61:Infinity":13,"s:66:8:68:Infinity":14,"f:67:4:67:11":3,"s:67:11:67:Infinity":15,"s:86:30:102:Infinity":16,"f:86:30:86:31":4,"s:87:39:87:Infinity":17,"b:89:2:91:Infinity:undefined:undefined:undefined:undefined":4,"s:89:2:91:Infinity":18,"s:90:4:90:Infinity":19,"s:93:2:101:Infinity":20,"f:96:13:96:14":5,"s:97:30:97:Infinity":21,"s:98:6:98:Infinity":22,"s:99:6:99:Infinity":23,"s:112:21:118:Infinity":24,"s:120:30:271:Infinity":25,"f:120:30:120:31":6,"b:123:10:123:18":5,"b:124:9:124:17":6,"b:125:10:125:16":7,"s:129:45:129:Infinity":26,"s:130:8:130:Infinity":27,"s:132:2:159:Infinity":28,"f:132:12:132:Infinity":7,"b:133:4:133:Infinity:undefined:undefined:undefined:undefined":8,"s:133:4:133:Infinity":29,"s:133:15:133:Infinity":30,"s:135:25:139:Infinity":31,"f:135:25:135:26":8,"b:136:6:138:Infinity:undefined:undefined:undefined:undefined":9,"s:136:6:138:Infinity":32,"s:137:8:137:Infinity":33,"s:141:31:150:Infinity":34,"f:141:31:141:32":9,"b:142:6:149:Infinity:undefined:undefined:undefined:undefined":10,"s:142:6:149:Infinity":35,"b:143:8:143:26:144:8:144:26:145:8:145:Infinity:146:8:146:Infinity":11,"s:148:8:148:Infinity":36,"s:152:4:152:Infinity":37,"s:153:4:153:Infinity":38,"s:155:4:158:Infinity":39,"f:155:11:155:Infinity":10,"s:156:6:156:Infinity":40,"s:157:6:157:Infinity":41,"s:161:2:217:Infinity":42,"f:161:12:161:Infinity":11,"b:162:4:162:Infinity:undefined:undefined:undefined:undefined":12,"s:162:4:162:Infinity":43,"b:162:8:162:17:162:17:162:36:162:40:162:59":13,"s:162:61:162:Infinity":44,"s:164:27:207:Infinity":45,"f:164:27:164:Infinity":12,"b:165:6:165:Infinity:undefined:undefined:undefined:undefined":14,"s:165:6:165:Infinity":46,"b:165:10:165:29:165:33:165:52":15,"s:165:54:165:Infinity":47,"s:167:26:167:Infinity":48,"s:168:26:168:Infinity":49,"s:170:16:170:Infinity":50,"s:171:17:171:Infinity":51,"b:174:6:177:Infinity:175:11:177:Infinity":16,"s:174:6:177:Infinity":52,"s:174:26:174:Infinity":53,"b:175:11:177:Infinity:176:11:177:Infinity":17,"s:175:11:177:Infinity":54,"s:175:34:175:Infinity":55,"b:176:11:177:Infinity:177:11:177:Infinity":18,"s:176:11:177:Infinity":56,"s:176:32:176:Infinity":57,"b:177:11:177:Infinity:undefined:undefined:undefined:undefined":19,"s:177:11:177:Infinity":58,"s:177:33:177:Infinity":59,"b:180:6:192:Infinity:186:13:192:Infinity":20,"s:180:6:192:Infinity":60,"b:180:10:180:28:180:28:180:47":21,"b:181:8:185:Infinity:182:13:185:Infinity":22,"s:181:8:185:Infinity":61,"s:181:31:181:Infinity":62,"b:182:13:185:Infinity:185:13:185:Infinity":23,"s:182:13:185:Infinity":63,"s:183:10:184:Infinity":64,"b:185:13:185:Infinity:undefined:undefined:undefined:undefined":24,"s:185:13:185:Infinity":65,"s:185:34:185:Infinity":66,"b:187:8:191:Infinity:188:13:191:Infinity":25,"s:187:8:191:Infinity":67,"s:187:31:187:Infinity":68,"b:188:13:191:Infinity:191:13:191:Infinity":26,"s:188:13:191:Infinity":69,"s:189:10:190:Infinity":70,"b:191:13:191:Infinity:undefined:undefined:undefined:undefined":27,"s:191:13:191:Infinity":71,"s:191:34:191:Infinity":72,"s:195:22:195:Infinity":73,"s:196:6:198:Infinity":74,"s:200:6:202:Infinity":75,"s:205:6:205:Infinity":76,"s:206:6:206:Infinity":77,"s:209:4:209:Infinity":78,"s:210:4:210:Infinity":79,"s:211:4:211:Infinity":80,"s:213:4:216:Infinity":81,"f:213:11:213:Infinity":13,"s:214:6:214:Infinity":82,"s:215:6:215:Infinity":83,"b:219:2:219:Infinity:undefined:undefined:undefined:undefined":28,"s:219:2:219:Infinity":84,"s:219:13:219:Infinity":85,"s:221:26:237:Infinity":86,"f:221:26:221:Infinity":14,"s:222:22:222:74":87,"b:222:50:222:55:222:55:222:74":29,"s:224:33:224:Infinity":88,"b:225:4:231:Infinity:undefined:undefined:undefined:undefined":30,"s:225:4:231:Infinity":89,"b:226:6:230:Infinity:228:13:230:Infinity":31,"s:226:6:230:Infinity":90,"s:227:8:227:Infinity":91,"s:229:8:229:Infinity":92,"b:233:4:235:Infinity:undefined:undefined:undefined:undefined":32,"s:233:4:235:Infinity":93,"s:234:6:234:Infinity":94,"s:236:4:236:Infinity":95,"s:239:24:251:Infinity":96,"f:239:24:239:Infinity":15,"s:240:42:240:Infinity":97,"b:241:4:243:Infinity:undefined:undefined:undefined:undefined":33,"s:241:4:243:Infinity":98,"s:242:6:242:Infinity":99,"b:244:4:249:Infinity:undefined:undefined:undefined:undefined":34,"s:244:4:249:Infinity":100,"b:244:8:244:23:244:23:244:56":35,"s:245:6:245:Infinity":101,"b:246:6:248:Infinity:undefined:undefined:undefined:undefined":36,"s:246:6:248:Infinity":102,"s:247:8:247:Infinity":103,"s:250:4:250:Infinity":104,"s:253:2:269:Infinity":105}}}
,"C:\\Users\\jveloper\\Documents\\jweloper\\projects\\demos\\searching-demo\\src\\config\\icons.ts": {"path":"C:\\Users\\jveloper\\Documents\\jweloper\\projects\\demos\\searching-demo\\src\\config\\icons.ts","statementMap":{"0":{"start":{"line":6,"column":45},"end":{"line":12,"column":null}}},"fnMap":{},"branchMap":{},"s":{"0":9},"f":{},"b":{},"meta":{"lastBranch":0,"lastFunction":0,"lastStatement":1,"seen":{"s:6:45:12:Infinity":0}}}
,"C:\\Users\\jveloper\\Documents\\jweloper\\projects\\demos\\searching-demo\\src\\config\\index.ts": {"path":"C:\\Users\\jveloper\\Documents\\jweloper\\projects\\demos\\searching-demo\\src\\config\\index.ts","statementMap":{},"fnMap":{},"branchMap":{},"s":{},"f":{},"b":{},"meta":{"lastBranch":0,"lastFunction":0,"lastStatement":0,"seen":{}}}
,"C:\\Users\\jveloper\\Documents\\jweloper\\projects\\demos\\searching-demo\\src\\context\\index.ts": {"path":"C:\\Users\\jveloper\\Documents\\jweloper\\projects\\demos\\searching-demo\\src\\context\\index.ts","statementMap":{},"fnMap":{},"branchMap":{},"s":{},"f":{},"b":{},"meta":{"lastBranch":0,"lastFunction":0,"lastStatement":0,"seen":{}}}
,"C:\\Users\\jveloper\\Documents\\jweloper\\projects\\demos\\searching-demo\\src\\context\\use-selected-character.ts": {"path":"C:\\Users\\jveloper\\Documents\\jweloper\\projects\\demos\\searching-demo\\src\\context\\use-selected-character.ts","statementMap":{"0":{"start":{"line":12,"column":6},"end":{"line":12,"column":null}},"1":{"start":{"line":14,"column":36},"end":{"line":20,"column":null}},"2":{"start":{"line":15,"column":49},"end":{"line":16,"column":null}},"3":{"start":{"line":19,"column":2},"end":{"line":19,"column":null}}},"fnMap":{"0":{"name":"(anonymous_0)","decl":{"start":{"line":14,"column":36},"end":{"line":14,"column":null}},"loc":{"start":{"line":14,"column":36},"end":{"line":20,"column":null}},"line":14}},"branchMap":{},"s":{"0":3,"1":3,"2":31,"3":31},"f":{"0":31},"b":{},"meta":{"lastBranch":0,"lastFunction":1,"lastStatement":4,"seen":{"s:12:6:12:Infinity":0,"s:14:36:20:Infinity":1,"f:14:36:14:Infinity":0,"s:15:49:16:Infinity":2,"s:19:2:19:Infinity":3}}}
,"C:\\Users\\jveloper\\Documents\\jweloper\\projects\\demos\\searching-demo\\src\\fragments\\index.ts": {"path":"C:\\Users\\jveloper\\Documents\\jweloper\\projects\\demos\\searching-demo\\src\\fragments\\index.ts","statementMap":{},"fnMap":{},"branchMap":{},"s":{},"f":{},"b":{},"meta":{"lastBranch":0,"lastFunction":0,"lastStatement":0,"seen":{}}}
,"C:\\Users\\jveloper\\Documents\\jweloper\\projects\\demos\\searching-demo\\src\\fragments\\characters-list\\index.tsx": {"path":"C:\\Users\\jveloper\\Documents\\jweloper\\projects\\demos\\searching-demo\\src\\fragments\\characters-list\\index.tsx","statementMap":{"0":{"start":{"line":24,"column":34},"end":{"line":24,"column":null}},"1":{"start":{"line":29,"column":32},"end":{"line":29,"column":null}},"2":{"start":{"line":31,"column":2},"end":{"line":39,"column":null}},"3":{"start":{"line":41,"column":2},"end":{"line":51,"column":null}},"4":{"start":{"line":53,"column":2},"end":{"line":61,"column":null}},"5":{"start":{"line":69,"column":25},"end":{"line":69,"column":null}}},"fnMap":{"0":{"name":"CharactersList","decl":{"start":{"line":19,"column":16},"end":{"line":19,"column":null}},"loc":{"start":{"line":19,"column":16},"end":{"line":85,"column":null}},"line":19},"1":{"name":"(anonymous_1)","decl":{"start":{"line":69,"column":19},"end":{"line":69,"column":25}},"loc":{"start":{"line":69,"column":25},"end":{"line":69,"column":null}},"line":69}},"branchMap":{"0":{"loc":{"start":{"line":31,"column":2},"end":{"line":39,"column":null}},"type":"if","locations":[{"start":{"line":31,"column":2},"end":{"line":39,"column":null}},{"start":{},"end":{}}],"line":31},"1":{"loc":{"start":{"line":41,"column":2},"end":{"line":51,"column":null}},"type":"if","locations":[{"start":{"line":41,"column":2},"end":{"line":51,"column":null}},{"start":{},"end":{}}],"line":41},"2":{"loc":{"start":{"line":53,"column":2},"end":{"line":61,"column":null}},"type":"if","locations":[{"start":{"line":53,"column":2},"end":{"line":61,"column":null}},{"start":{},"end":{}}],"line":53},"3":{"loc":{"start":{"line":53,"column":6},"end":{"line":53,"column":42}},"type":"binary-expr","locations":[{"start":{"line":53,"column":6},"end":{"line":53,"column":15}},{"start":{"line":53,"column":15},"end":{"line":53,"column":42}}],"line":53}},"s":{"0":2,"1":2,"2":2,"3":0,"4":0,"5":0},"f":{"0":2,"1":0},"b":{"0":[2,0],"1":[0,0],"2":[0,0],"3":[0,0]},"meta":{"lastBranch":4,"lastFunction":2,"lastStatement":6,"seen":{"f:19:16:19:Infinity":0,"s:24:34:24:Infinity":0,"s:29:32:29:Infinity":1,"b:31:2:39:Infinity:undefined:undefined:undefined:undefined":0,"s:31:2:39:Infinity":2,"b:41:2:51:Infinity:undefined:undefined:undefined:undefined":1,"s:41:2:51:Infinity":3,"b:53:2:61:Infinity:undefined:undefined:undefined:undefined":2,"s:53:2:61:Infinity":4,"b:53:6:53:15:53:15:53:42":3,"f:69:19:69:25":1,"s:69:25:69:Infinity":5}}}
,"C:\\Users\\jveloper\\Documents\\jweloper\\projects\\demos\\searching-demo\\src\\fragments\\details-character\\index.tsx": {"path":"C:\\Users\\jveloper\\Documents\\jweloper\\projects\\demos\\searching-demo\\src\\fragments\\details-character\\index.tsx","statementMap":{"0":{"start":{"line":15,"column":32},"end":{"line":46,"column":null}},"1":{"start":{"line":20,"column":29},"end":{"line":20,"column":null}},"2":{"start":{"line":22,"column":2},"end":{"line":31,"column":null}}},"fnMap":{"0":{"name":"(anonymous_0)","decl":{"start":{"line":15,"column":32},"end":{"line":15,"column":null}},"loc":{"start":{"line":15,"column":32},"end":{"line":46,"column":null}},"line":15}},"branchMap":{"0":{"loc":{"start":{"line":22,"column":2},"end":{"line":31,"column":null}},"type":"if","locations":[{"start":{"line":22,"column":2},"end":{"line":31,"column":null}},{"start":{},"end":{}}],"line":22}},"s":{"0":1,"1":2,"2":2},"f":{"0":2},"b":{"0":[2,0]},"meta":{"lastBranch":1,"lastFunction":1,"lastStatement":3,"seen":{"s:15:32:46:Infinity":0,"f:15:32:15:Infinity":0,"s:20:29:20:Infinity":1,"b:22:2:31:Infinity:undefined:undefined:undefined:undefined":0,"s:22:2:31:Infinity":2}}}
,"C:\\Users\\jveloper\\Documents\\jweloper\\projects\\demos\\searching-demo\\src\\graphql\\client.ts": {"path":"C:\\Users\\jveloper\\Documents\\jweloper\\projects\\demos\\searching-demo\\src\\graphql\\client.ts","statementMap":{"0":{"start":{"line":8,"column":25},"end":{"line":8,"column":null}},"1":{"start":{"line":10,"column":29},"end":{"line":10,"column":null}}},"fnMap":{},"branchMap":{},"s":{"0":1,"1":1},"f":{},"b":{},"meta":{"lastBranch":0,"lastFunction":0,"lastStatement":2,"seen":{"s:8:25:8:Infinity":0,"s:10:29:10:Infinity":1}}}
,"C:\\Users\\jveloper\\Documents\\jweloper\\projects\\demos\\searching-demo\\src\\graphql\\index.ts": {"path":"C:\\Users\\jveloper\\Documents\\jweloper\\projects\\demos\\searching-demo\\src\\graphql\\index.ts","statementMap":{},"fnMap":{},"branchMap":{},"s":{},"f":{},"b":{},"meta":{"lastBranch":0,"lastFunction":0,"lastStatement":0,"seen":{}}}
,"C:\\Users\\jveloper\\Documents\\jweloper\\projects\\demos\\searching-demo\\src\\graphql\\types.ts": {"path":"C:\\Users\\jveloper\\Documents\\jweloper\\projects\\demos\\searching-demo\\src\\graphql\\types.ts","statementMap":{},"fnMap":{},"branchMap":{},"s":{},"f":{},"b":{},"meta":{"lastBranch":0,"lastFunction":0,"lastStatement":0,"seen":{}}}
,"C:\\Users\\jveloper\\Documents\\jweloper\\projects\\demos\\searching-demo\\src\\graphql\\queries\\characters.ts": {"path":"C:\\Users\\jveloper\\Documents\\jweloper\\projects\\demos\\searching-demo\\src\\graphql\\queries\\characters.ts","statementMap":{"0":{"start":{"line":8,"column":30},"end":{"line":39,"column":1}},"1":{"start":{"line":41,"column":33},"end":{"line":72,"column":1}}},"fnMap":{},"branchMap":{},"s":{"0":1,"1":1},"f":{},"b":{},"meta":{"lastBranch":0,"lastFunction":0,"lastStatement":2,"seen":{"s:8:30:39:1":0,"s:41:33:72:1":1}}}
,"C:\\Users\\jveloper\\Documents\\jweloper\\projects\\demos\\searching-demo\\src\\graphql\\queries\\index.ts": {"path":"C:\\Users\\jveloper\\Documents\\jweloper\\projects\\demos\\searching-demo\\src\\graphql\\queries\\index.ts","statementMap":{},"fnMap":{},"branchMap":{},"s":{},"f":{},"b":{},"meta":{"lastBranch":0,"lastFunction":0,"lastStatement":0,"seen":{}}}
,"C:\\Users\\jveloper\\Documents\\jweloper\\projects\\demos\\searching-demo\\src\\graphql\\services\\index.ts": {"path":"C:\\Users\\jveloper\\Documents\\jweloper\\projects\\demos\\searching-demo\\src\\graphql\\services\\index.ts","statementMap":{},"fnMap":{},"branchMap":{},"s":{},"f":{},"b":{},"meta":{"lastBranch":0,"lastFunction":0,"lastStatement":0,"seen":{}}}
,"C:\\Users\\jveloper\\Documents\\jweloper\\projects\\demos\\searching-demo\\src\\graphql\\services\\rick-morty-api.ts": {"path":"C:\\Users\\jveloper\\Documents\\jweloper\\projects\\demos\\searching-demo\\src\\graphql\\services\\rick-morty-api.ts","statementMap":{"0":{"start":{"line":18,"column":2},"end":{"line":26,"column":null}},"1":{"start":{"line":19,"column":17},"end":{"line":21,"column":null}},"2":{"start":{"line":23,"column":4},"end":{"line":23,"column":null}},"3":{"start":{"line":25,"column":4},"end":{"line":25,"column":null}},"4":{"start":{"line":36,"column":2},"end":{"line":44,"column":null}},"5":{"start":{"line":37,"column":17},"end":{"line":39,"column":null}},"6":{"start":{"line":41,"column":4},"end":{"line":41,"column":null}},"7":{"start":{"line":43,"column":4},"end":{"line":43,"column":null}}},"fnMap":{"0":{"name":"fetchCharacters","decl":{"start":{"line":15,"column":22},"end":{"line":15,"column":null}},"loc":{"start":{"line":15,"column":22},"end":{"line":27,"column":null}},"line":15},"1":{"name":"searchCharacters","decl":{"start":{"line":33,"column":22},"end":{"line":33,"column":null}},"loc":{"start":{"line":34,"column":14},"end":{"line":45,"column":null}},"line":34}},"branchMap":{},"s":{"0":1,"1":1,"2":0,"3":0,"4":0,"5":0,"6":0,"7":0},"f":{"0":1,"1":0},"b":{},"meta":{"lastBranch":0,"lastFunction":2,"lastStatement":8,"seen":{"f:15:22:15:Infinity":0,"s:18:2:26:Infinity":0,"s:19:17:21:Infinity":1,"s:23:4:23:Infinity":2,"s:25:4:25:Infinity":3,"f:33:22:33:Infinity":1,"s:36:2:44:Infinity":4,"s:37:17:39:Infinity":5,"s:41:4:41:Infinity":6,"s:43:4:43:Infinity":7}}}
,"C:\\Users\\jveloper\\Documents\\jweloper\\projects\\demos\\searching-demo\\src\\hooks\\index.ts": {"path":"C:\\Users\\jveloper\\Documents\\jweloper\\projects\\demos\\searching-demo\\src\\hooks\\index.ts","statementMap":{},"fnMap":{},"branchMap":{},"s":{},"f":{},"b":{},"meta":{"lastBranch":0,"lastFunction":0,"lastStatement":0,"seen":{}}}
,"C:\\Users\\jveloper\\Documents\\jweloper\\projects\\demos\\searching-demo\\src\\hooks\\useCharacters.ts": {"path":"C:\\Users\\jveloper\\Documents\\jweloper\\projects\\demos\\searching-demo\\src\\hooks\\useCharacters.ts","statementMap":{"0":{"start":{"line":20,"column":23},"end":{"line":20,"column":null}},"1":{"start":{"line":21,"column":33},"end":{"line":21,"column":null}},"2":{"start":{"line":22,"column":25},"end":{"line":22,"column":null}},"3":{"start":{"line":24,"column":2},"end":{"line":39,"column":null}},"4":{"start":{"line":26,"column":6},"end":{"line":35,"column":null}},"5":{"start":{"line":27,"column":8},"end":{"line":27,"column":null}},"6":{"start":{"line":28,"column":8},"end":{"line":28,"column":null}},"7":{"start":{"line":29,"column":23},"end":{"line":29,"column":null}},"8":{"start":{"line":30,"column":8},"end":{"line":30,"column":null}},"9":{"start":{"line":32,"column":8},"end":{"line":32,"column":null}},"10":{"start":{"line":34,"column":8},"end":{"line":34,"column":null}},"11":{"start":{"line":38,"column":4},"end":{"line":38,"column":null}},"12":{"start":{"line":41,"column":2},"end":{"line":41,"column":null}},"13":{"start":{"line":48,"column":23},"end":{"line":48,"column":null}},"14":{"start":{"line":49,"column":33},"end":{"line":49,"column":null}},"15":{"start":{"line":50,"column":25},"end":{"line":50,"column":null}},"16":{"start":{"line":52,"column":2},"end":{"line":78,"column":null}},"17":{"start":{"line":53,"column":4},"end":{"line":58,"column":null}},"18":{"start":{"line":54,"column":6},"end":{"line":54,"column":null}},"19":{"start":{"line":55,"column":6},"end":{"line":55,"column":null}},"20":{"start":{"line":56,"column":6},"end":{"line":56,"column":null}},"21":{"start":{"line":57,"column":6},"end":{"line":57,"column":null}},"22":{"start":{"line":61,"column":6},"end":{"line":70,"column":null}},"23":{"start":{"line":62,"column":8},"end":{"line":62,"column":null}},"24":{"start":{"line":63,"column":8},"end":{"line":63,"column":null}},"25":{"start":{"line":64,"column":23},"end":{"line":64,"column":null}},"26":{"start":{"line":65,"column":8},"end":{"line":65,"column":null}},"27":{"start":{"line":67,"column":8},"end":{"line":67,"column":null}},"28":{"start":{"line":69,"column":8},"end":{"line":69,"column":null}},"29":{"start":{"line":73,"column":22},"end":{"line":75,"column":12}},"30":{"start":{"line":74,"column":6},"end":{"line":74,"column":null}},"31":{"start":{"line":77,"column":4},"end":{"line":77,"column":null}},"32":{"start":{"line":77,"column":17},"end":{"line":77,"column":null}},"33":{"start":{"line":80,"column":2},"end":{"line":80,"column":null}}},"fnMap":{"0":{"name":"useCharacters","decl":{"start":{"line":19,"column":16},"end":{"line":19,"column":null}},"loc":{"start":{"line":19,"column":16},"end":{"line":42,"column":null}},"line":19},"1":{"name":"(anonymous_1)","decl":{"start":{"line":24,"column":12},"end":{"line":24,"column":null}},"loc":{"start":{"line":24,"column":12},"end":{"line":39,"column":5}},"line":24},"2":{"name":"loadCharacters","decl":{"start":{"line":25,"column":19},"end":{"line":25,"column":null}},"loc":{"start":{"line":25,"column":19},"end":{"line":36,"column":null}},"line":25},"3":{"name":"useSearchCharacters","decl":{"start":{"line":47,"column":16},"end":{"line":47,"column":36}},"loc":{"start":{"line":47,"column":49},"end":{"line":81,"column":null}},"line":47},"4":{"name":"(anonymous_4)","decl":{"start":{"line":52,"column":12},"end":{"line":52,"column":null}},"loc":{"start":{"line":52,"column":12},"end":{"line":78,"column":5}},"line":52},"5":{"name":"search","decl":{"start":{"line":60,"column":19},"end":{"line":60,"column":null}},"loc":{"start":{"line":60,"column":19},"end":{"line":71,"column":null}},"line":60},"6":{"name":"(anonymous_6)","decl":{"start":{"line":73,"column":33},"end":{"line":73,"column":null}},"loc":{"start":{"line":73,"column":33},"end":{"line":75,"column":7}},"line":73},"7":{"name":"(anonymous_7)","decl":{"start":{"line":77,"column":11},"end":{"line":77,"column":17}},"loc":{"start":{"line":77,"column":17},"end":{"line":77,"column":null}},"line":77}},"branchMap":{"0":{"loc":{"start":{"line":32,"column":17},"end":{"line":32,"column":null}},"type":"cond-expr","locations":[{"start":{"line":32,"column":40},"end":{"line":32,"column":46}},{"start":{"line":32,"column":46},"end":{"line":32,"column":null}}],"line":32},"1":{"loc":{"start":{"line":53,"column":4},"end":{"line":58,"column":null}},"type":"if","locations":[{"start":{"line":53,"column":4},"end":{"line":58,"column":null}},{"start":{},"end":{}}],"line":53},"2":{"loc":{"start":{"line":53,"column":8},"end":{"line":53,"column":38}},"type":"binary-expr","locations":[{"start":{"line":53,"column":8},"end":{"line":53,"column":18}},{"start":{"line":53,"column":18},"end":{"line":53,"column":38}}],"line":53},"3":{"loc":{"start":{"line":67,"column":17},"end":{"line":67,"column":null}},"type":"cond-expr","locations":[{"start":{"line":67,"column":40},"end":{"line":67,"column":46}},{"start":{"line":67,"column":46},"end":{"line":67,"column":null}}],"line":67}},"s":{"0":2,"1":2,"2":2,"3":2,"4":1,"5":1,"6":1,"7":1,"8":0,"9":0,"10":0,"11":1,"12":2,"13":0,"14":0,"15":0,"16":0,"17":0,"18":0,"19":0,"20":0,"21":0,"22":0,"23":0,"24":0,"25":0,"26":0,"27":0,"28":0,"29":0,"30":0,"31":0,"32":0,"33":0},"f":{"0":2,"1":1,"2":1,"3":0,"4":0,"5":0,"6":0,"7":0},"b":{"0":[0,0],"1":[0,0],"2":[0,0],"3":[0,0]},"meta":{"lastBranch":4,"lastFunction":8,"lastStatement":34,"seen":{"f:19:16:19:Infinity":0,"s:20:23:20:Infinity":0,"s:21:33:21:Infinity":1,"s:22:25:22:Infinity":2,"s:24:2:39:Infinity":3,"f:24:12:24:Infinity":1,"f:25:19:25:Infinity":2,"s:26:6:35:Infinity":4,"s:27:8:27:Infinity":5,"s:28:8:28:Infinity":6,"s:29:23:29:Infinity":7,"s:30:8:30:Infinity":8,"s:32:8:32:Infinity":9,"b:32:40:32:46:32:46:32:Infinity":0,"s:34:8:34:Infinity":10,"s:38:4:38:Infinity":11,"s:41:2:41:Infinity":12,"f:47:16:47:36":3,"s:48:23:48:Infinity":13,"s:49:33:49:Infinity":14,"s:50:25:50:Infinity":15,"s:52:2:78:Infinity":16,"f:52:12:52:Infinity":4,"b:53:4:58:Infinity:undefined:undefined:undefined:undefined":1,"s:53:4:58:Infinity":17,"b:53:8:53:18:53:18:53:38":2,"s:54:6:54:Infinity":18,"s:55:6:55:Infinity":19,"s:56:6:56:Infinity":20,"s:57:6:57:Infinity":21,"f:60:19:60:Infinity":5,"s:61:6:70:Infinity":22,"s:62:8:62:Infinity":23,"s:63:8:63:Infinity":24,"s:64:23:64:Infinity":25,"s:65:8:65:Infinity":26,"s:67:8:67:Infinity":27,"b:67:40:67:46:67:46:67:Infinity":3,"s:69:8:69:Infinity":28,"s:73:22:75:12":29,"f:73:33:73:Infinity":6,"s:74:6:74:Infinity":30,"s:77:4:77:Infinity":31,"f:77:11:77:17":7,"s:77:17:77:Infinity":32,"s:80:2:80:Infinity":33}}}
,"C:\\Users\\jveloper\\Documents\\jweloper\\projects\\demos\\searching-demo\\src\\utils\\cn.ts": {"path":"C:\\Users\\jveloper\\Documents\\jweloper\\projects\\demos\\searching-demo\\src\\utils\\cn.ts","statementMap":{"0":{"start":{"line":11,"column":2},"end":{"line":11,"column":null}}},"fnMap":{"0":{"name":"cn","decl":{"start":{"line":10,"column":16},"end":{"line":10,"column":19}},"loc":{"start":{"line":10,"column":42},"end":{"line":12,"column":null}},"line":10}},"branchMap":{},"s":{"0":550},"f":{"0":550},"b":{},"meta":{"lastBranch":0,"lastFunction":1,"lastStatement":1,"seen":{"f:10:16:10:19":0,"s:11:2:11:Infinity":0}}}
}
