{"C:\\Users\\jveloper\\Documents\\jweloper\\projects\\demos\\searching-demo\\src\\App.tsx": {"path":"C:\\Users\\jveloper\\Documents\\jweloper\\projects\\demos\\searching-demo\\src\\App.tsx","statementMap":{"0":{"start":{"line":31,"column":37},"end":{"line":31,"column":null}},"1":{"start":{"line":32,"column":45},"end":{"line":32,"column":null}},"2":{"start":{"line":33,"column":39},"end":{"line":33,"column":null}},"3":{"start":{"line":36,"column":33},"end":{"line":36,"column":null}},"4":{"start":{"line":41,"column":28},"end":{"line":49,"column":null}},"5":{"start":{"line":46,"column":4},"end":{"line":46,"column":null}},"6":{"start":{"line":47,"column":4},"end":{"line":47,"column":null}},"7":{"start":{"line":48,"column":4},"end":{"line":48,"column":null}}},"fnMap":{"0":{"name":"App","decl":{"start":{"line":29,"column":9},"end":{"line":29,"column":null}},"loc":{"start":{"line":29,"column":9},"end":{"line":94,"column":null}},"line":29},"1":{"name":"(anonymous_1)","decl":{"start":{"line":41,"column":28},"end":{"line":41,"column":29}},"loc":{"start":{"line":41,"column":29},"end":{"line":49,"column":null}},"line":41}},"branchMap":{"0":{"loc":{"start":{"line":87,"column":34},"end":{"line":87,"column":null}},"type":"binary-expr","locations":[{"start":{"line":87,"column":34},"end":{"line":87,"column":59}},{"start":{"line":87,"column":59},"end":{"line":87,"column":null}}],"line":87}},"s":{"0":2,"1":2,"2":2,"3":2,"4":2,"5":0,"6":0,"7":0},"f":{"0":2,"1":0},"b":{"0":[2,0]},"meta":{"lastBranch":1,"lastFunction":2,"lastStatement":8,"seen":{"f:29:9:29:Infinity":0,"s:31:37:31:Infinity":0,"s:32:45:32:Infinity":1,"s:33:39:33:Infinity":2,"s:36:33:36:Infinity":3,"s:41:28:49:Infinity":4,"f:41:28:41:29":1,"s:46:4:46:Infinity":5,"s:47:4:47:Infinity":6,"s:48:4:48:Infinity":7,"b:87:34:87:59:87:59:87:Infinity":0}}}
,"C:\\Users\\jveloper\\Documents\\jweloper\\projects\\demos\\searching-demo\\src\\components\\atomic-desing\\atoms\\index.ts": {"path":"C:\\Users\\jveloper\\Documents\\jweloper\\projects\\demos\\searching-demo\\src\\components\\atomic-desing\\atoms\\index.ts","statementMap":{},"fnMap":{},"branchMap":{},"s":{},"f":{},"b":{},"meta":{"lastBranch":0,"lastFunction":0,"lastStatement":0,"seen":{}}}
,"C:\\Users\\jveloper\\Documents\\jweloper\\projects\\demos\\searching-demo\\src\\components\\atomic-desing\\atoms\\avatar\\index.tsx": {"path":"C:\\Users\\jveloper\\Documents\\jweloper\\projects\\demos\\searching-demo\\src\\components\\atomic-desing\\atoms\\avatar\\index.tsx","statementMap":{"0":{"start":{"line":19,"column":20},"end":{"line":26,"column":null}},"1":{"start":{"line":28,"column":22},"end":{"line":76,"column":null}},"2":{"start":{"line":35,"column":35},"end":{"line":35,"column":null}},"3":{"start":{"line":37,"column":8},"end":{"line":44,"column":null}},"4":{"start":{"line":47,"column":22},"end":{"line":58,"column":null}},"5":{"start":{"line":48,"column":4},"end":{"line":48,"column":null}},"6":{"start":{"line":48,"column":18},"end":{"line":48,"column":null}},"7":{"start":{"line":49,"column":4},"end":{"line":56,"column":null}},"8":{"start":{"line":50,"column":6},"end":{"line":55,"column":null}},"9":{"start":{"line":52,"column":21},"end":{"line":52,"column":28}},"10":{"start":{"line":57,"column":4},"end":{"line":57,"column":null}},"11":{"start":{"line":60,"column":20},"end":{"line":60,"column":null}},"12":{"start":{"line":69,"column":25},"end":{"line":69,"column":null}}},"fnMap":{"0":{"name":"(anonymous_0)","decl":{"start":{"line":28,"column":22},"end":{"line":28,"column":23}},"loc":{"start":{"line":34,"column":14},"end":{"line":76,"column":null}},"line":34},"1":{"name":"(anonymous_1)","decl":{"start":{"line":47,"column":22},"end":{"line":47,"column":null}},"loc":{"start":{"line":47,"column":22},"end":{"line":58,"column":null}},"line":47},"2":{"name":"(anonymous_2)","decl":{"start":{"line":52,"column":13},"end":{"line":52,"column":21}},"loc":{"start":{"line":52,"column":21},"end":{"line":52,"column":28}},"line":52},"3":{"name":"(anonymous_3)","decl":{"start":{"line":69,"column":19},"end":{"line":69,"column":25}},"loc":{"start":{"line":69,"column":25},"end":{"line":69,"column":null}},"line":69}},"branchMap":{"0":{"loc":{"start":{"line":30,"column":2},"end":{"line":30,"column":16}},"type":"default-arg","locations":[{"start":{"line":30,"column":8},"end":{"line":30,"column":16}}],"line":30},"1":{"loc":{"start":{"line":32,"column":2},"end":{"line":32,"column":14}},"type":"default-arg","locations":[{"start":{"line":32,"column":9},"end":{"line":32,"column":14}}],"line":32},"2":{"loc":{"start":{"line":48,"column":4},"end":{"line":48,"column":null}},"type":"if","locations":[{"start":{"line":48,"column":4},"end":{"line":48,"column":null}},{"start":{},"end":{}}],"line":48},"3":{"loc":{"start":{"line":49,"column":4},"end":{"line":56,"column":null}},"type":"if","locations":[{"start":{"line":49,"column":4},"end":{"line":56,"column":null}},{"start":{},"end":{}}],"line":49},"4":{"loc":{"start":{"line":49,"column":8},"end":{"line":49,"column":33}},"type":"binary-expr","locations":[{"start":{"line":49,"column":8},"end":{"line":49,"column":15}},{"start":{"line":49,"column":15},"end":{"line":49,"column":33}}],"line":49},"5":{"loc":{"start":{"line":60,"column":20},"end":{"line":60,"column":null}},"type":"binary-expr","locations":[{"start":{"line":60,"column":20},"end":{"line":60,"column":27}},{"start":{"line":60,"column":27},"end":{"line":60,"column":null}}],"line":60}},"s":{"0":8,"1":8,"2":82,"3":82,"4":82,"5":56,"6":50,"7":6,"8":4,"9":8,"10":2,"11":82,"12":1},"f":{"0":82,"1":56,"2":8,"3":1},"b":{"0":[82],"1":[82],"2":[50,6],"3":[4,2],"4":[6,6],"5":[82,27]},"meta":{"lastBranch":6,"lastFunction":4,"lastStatement":13,"seen":{"s:19:20:26:Infinity":0,"s:28:22:76:Infinity":1,"f:28:22:28:23":0,"b:30:8:30:16":0,"b:32:9:32:14":1,"s:35:35:35:Infinity":2,"s:37:8:44:Infinity":3,"s:47:22:58:Infinity":4,"f:47:22:47:Infinity":1,"b:48:4:48:Infinity:undefined:undefined:undefined:undefined":2,"s:48:4:48:Infinity":5,"s:48:18:48:Infinity":6,"b:49:4:56:Infinity:undefined:undefined:undefined:undefined":3,"s:49:4:56:Infinity":7,"b:49:8:49:15:49:15:49:33":4,"s:50:6:55:Infinity":8,"f:52:13:52:21":2,"s:52:21:52:28":9,"s:57:4:57:Infinity":10,"s:60:20:60:Infinity":11,"b:60:20:60:27:60:27:60:Infinity":5,"f:69:19:69:25":3,"s:69:25:69:Infinity":12}}}
,"C:\\Users\\jveloper\\Documents\\jweloper\\projects\\demos\\searching-demo\\src\\components\\atomic-desing\\atoms\\badge\\index.tsx": {"path":"C:\\Users\\jveloper\\Documents\\jweloper\\projects\\demos\\searching-demo\\src\\components\\atomic-desing\\atoms\\badge\\index.tsx","statementMap":{"0":{"start":{"line":18,"column":23},"end":{"line":21,"column":null}},"1":{"start":{"line":23,"column":20},"end":{"line":27,"column":null}},"2":{"start":{"line":30,"column":2},"end":{"line":30,"column":null}},"3":{"start":{"line":32,"column":21},"end":{"line":52,"column":null}}},"fnMap":{"0":{"name":"(anonymous_0)","decl":{"start":{"line":32,"column":21},"end":{"line":32,"column":22}},"loc":{"start":{"line":38,"column":13},"end":{"line":52,"column":null}},"line":38}},"branchMap":{"0":{"loc":{"start":{"line":34,"column":2},"end":{"line":34,"column":21}},"type":"default-arg","locations":[{"start":{"line":34,"column":12},"end":{"line":34,"column":21}}],"line":34},"1":{"loc":{"start":{"line":35,"column":2},"end":{"line":35,"column":15}},"type":"default-arg","locations":[{"start":{"line":35,"column":9},"end":{"line":35,"column":15}}],"line":35}},"s":{"0":8,"1":8,"2":8,"3":8},"f":{"0":12},"b":{"0":[12],"1":[12]},"meta":{"lastBranch":2,"lastFunction":1,"lastStatement":4,"seen":{"s:18:23:21:Infinity":0,"s:23:20:27:Infinity":1,"s:30:2:30:Infinity":2,"s:32:21:52:Infinity":3,"f:32:21:32:22":0,"b:34:12:34:21":0,"b:35:9:35:15":1}}}
,"C:\\Users\\jveloper\\Documents\\jweloper\\projects\\demos\\searching-demo\\src\\components\\atomic-desing\\atoms\\button\\index.tsx": {"path":"C:\\Users\\jveloper\\Documents\\jweloper\\projects\\demos\\searching-demo\\src\\components\\atomic-desing\\atoms\\button\\index.tsx","statementMap":{"0":{"start":{"line":27,"column":23},"end":{"line":38,"column":null}},"1":{"start":{"line":40,"column":20},"end":{"line":45,"column":null}},"2":{"start":{"line":48,"column":2},"end":{"line":48,"column":null}},"3":{"start":{"line":50,"column":22},"end":{"line":73,"column":null}}},"fnMap":{"0":{"name":"(anonymous_0)","decl":{"start":{"line":50,"column":22},"end":{"line":50,"column":23}},"loc":{"start":{"line":57,"column":14},"end":{"line":73,"column":null}},"line":57}},"branchMap":{"0":{"loc":{"start":{"line":52,"column":2},"end":{"line":52,"column":21}},"type":"default-arg","locations":[{"start":{"line":52,"column":12},"end":{"line":52,"column":21}}],"line":52},"1":{"loc":{"start":{"line":53,"column":2},"end":{"line":53,"column":15}},"type":"default-arg","locations":[{"start":{"line":53,"column":9},"end":{"line":53,"column":15}}],"line":53},"2":{"loc":{"start":{"line":64,"column":8},"end":{"line":64,"column":null}},"type":"binary-expr","locations":[{"start":{"line":64,"column":8},"end":{"line":64,"column":20}},{"start":{"line":64,"column":20},"end":{"line":64,"column":null}}],"line":64}},"s":{"0":9,"1":9,"2":9,"3":9},"f":{"0":340},"b":{"0":[340],"1":[340],"2":[340,4]},"meta":{"lastBranch":3,"lastFunction":1,"lastStatement":4,"seen":{"s:27:23:38:Infinity":0,"s:40:20:45:Infinity":1,"s:48:2:48:Infinity":2,"s:50:22:73:Infinity":3,"f:50:22:50:23":0,"b:52:12:52:21":0,"b:53:9:53:15":1,"b:64:8:64:20:64:20:64:Infinity":2}}}
,"C:\\Users\\jveloper\\Documents\\jweloper\\projects\\demos\\searching-demo\\src\\components\\atomic-desing\\atoms\\input\\index.tsx": {"path":"C:\\Users\\jveloper\\Documents\\jweloper\\projects\\demos\\searching-demo\\src\\components\\atomic-desing\\atoms\\input\\index.tsx","statementMap":{"0":{"start":{"line":22,"column":21},"end":{"line":55,"column":null}}},"fnMap":{"0":{"name":"(anonymous_0)","decl":{"start":{"line":22,"column":21},"end":{"line":22,"column":22}},"loc":{"start":{"line":27,"column":13},"end":{"line":55,"column":null}},"line":27}},"branchMap":{"0":{"loc":{"start":{"line":23,"column":2},"end":{"line":23,"column":42}},"type":"default-arg","locations":[{"start":{"line":23,"column":16},"end":{"line":23,"column":42}}],"line":23},"1":{"loc":{"start":{"line":42,"column":12},"end":{"line":42,"column":null}},"type":"binary-expr","locations":[{"start":{"line":42,"column":12},"end":{"line":42,"column":24}},{"start":{"line":42,"column":24},"end":{"line":42,"column":null}}],"line":42}},"s":{"0":9},"f":{"0":84},"b":{"0":[84],"1":[84,68]},"meta":{"lastBranch":2,"lastFunction":1,"lastStatement":1,"seen":{"s:22:21:55:Infinity":0,"f:22:21:22:22":0,"b:23:16:23:42":0,"b:42:12:42:24:42:24:42:Infinity":1}}}
,"C:\\Users\\jveloper\\Documents\\jweloper\\projects\\demos\\searching-demo\\src\\components\\atomic-desing\\atoms\\text\\index.tsx": {"path":"C:\\Users\\jveloper\\Documents\\jweloper\\projects\\demos\\searching-demo\\src\\components\\atomic-desing\\atoms\\text\\index.tsx","statementMap":{"0":{"start":{"line":18,"column":20},"end":{"line":24,"column":null}},"1":{"start":{"line":26,"column":22},"end":{"line":32,"column":null}},"2":{"start":{"line":34,"column":21},"end":{"line":39,"column":null}},"3":{"start":{"line":41,"column":20},"end":{"line":62,"column":null}}},"fnMap":{"0":{"name":"(anonymous_0)","decl":{"start":{"line":41,"column":20},"end":{"line":41,"column":21}},"loc":{"start":{"line":48,"column":12},"end":{"line":62,"column":null}},"line":48}},"branchMap":{"0":{"loc":{"start":{"line":43,"column":2},"end":{"line":43,"column":13}},"type":"default-arg","locations":[{"start":{"line":43,"column":9},"end":{"line":43,"column":13}}],"line":43},"1":{"loc":{"start":{"line":44,"column":2},"end":{"line":44,"column":19}},"type":"default-arg","locations":[{"start":{"line":44,"column":11},"end":{"line":44,"column":19}}],"line":44},"2":{"loc":{"start":{"line":45,"column":2},"end":{"line":45,"column":16}},"type":"default-arg","locations":[{"start":{"line":45,"column":10},"end":{"line":45,"column":16}}],"line":45},"3":{"loc":{"start":{"line":46,"column":2},"end":{"line":46,"column":18}},"type":"default-arg","locations":[{"start":{"line":46,"column":13},"end":{"line":46,"column":18}}],"line":46},"4":{"loc":{"start":{"line":55,"column":8},"end":{"line":55,"column":null}},"type":"binary-expr","locations":[{"start":{"line":55,"column":8},"end":{"line":55,"column":20}},{"start":{"line":55,"column":20},"end":{"line":55,"column":null}}],"line":55}},"s":{"0":9,"1":9,"2":9,"3":9},"f":{"0":122},"b":{"0":[122],"1":[122],"2":[122],"3":[122],"4":[122,28]},"meta":{"lastBranch":5,"lastFunction":1,"lastStatement":4,"seen":{"s:18:20:24:Infinity":0,"s:26:22:32:Infinity":1,"s:34:21:39:Infinity":2,"s:41:20:62:Infinity":3,"f:41:20:41:21":0,"b:43:9:43:13":0,"b:44:11:44:19":1,"b:45:10:45:16":2,"b:46:13:46:18":3,"b:55:8:55:20:55:20:55:Infinity":4}}}
,"C:\\Users\\jveloper\\Documents\\jweloper\\projects\\demos\\searching-demo\\src\\components\\atomic-desing\\atoms\\title\\index.tsx": {"path":"C:\\Users\\jveloper\\Documents\\jweloper\\projects\\demos\\searching-demo\\src\\components\\atomic-desing\\atoms\\title\\index.tsx","statementMap":{"0":{"start":{"line":30,"column":27},"end":{"line":37,"column":null}},"1":{"start":{"line":39,"column":20},"end":{"line":50,"column":null}},"2":{"start":{"line":52,"column":21},"end":{"line":56,"column":null}},"3":{"start":{"line":58,"column":20},"end":{"line":65,"column":null}},"4":{"start":{"line":67,"column":21},"end":{"line":91,"column":null}},"5":{"start":{"line":75,"column":20},"end":{"line":75,"column":72}},"6":{"start":{"line":77,"column":2},"end":{"line":89,"column":null}}},"fnMap":{"0":{"name":"(anonymous_0)","decl":{"start":{"line":67,"column":21},"end":{"line":67,"column":22}},"loc":{"start":{"line":74,"column":13},"end":{"line":91,"column":null}},"line":74}},"branchMap":{"0":{"loc":{"start":{"line":69,"column":2},"end":{"line":69,"column":11}},"type":"default-arg","locations":[{"start":{"line":69,"column":10},"end":{"line":69,"column":11}}],"line":69},"1":{"loc":{"start":{"line":71,"column":2},"end":{"line":71,"column":16}},"type":"default-arg","locations":[{"start":{"line":71,"column":10},"end":{"line":71,"column":16}}],"line":71},"2":{"loc":{"start":{"line":72,"column":2},"end":{"line":72,"column":18}},"type":"default-arg","locations":[{"start":{"line":72,"column":13},"end":{"line":72,"column":18}}],"line":72},"3":{"loc":{"start":{"line":75,"column":20},"end":{"line":75,"column":72}},"type":"cond-expr","locations":[{"start":{"line":75,"column":27},"end":{"line":75,"column":44}},{"start":{"line":75,"column":47},"end":{"line":75,"column":72}}],"line":75},"4":{"loc":{"start":{"line":85,"column":8},"end":{"line":85,"column":null}},"type":"binary-expr","locations":[{"start":{"line":85,"column":8},"end":{"line":85,"column":20}},{"start":{"line":85,"column":20},"end":{"line":85,"column":null}}],"line":85}},"s":{"0":8,"1":8,"2":8,"3":8,"4":8,"5":88,"6":88},"f":{"0":88},"b":{"0":[88],"1":[88],"2":[88],"3":[67,21],"4":[88,28]},"meta":{"lastBranch":5,"lastFunction":1,"lastStatement":7,"seen":{"s:30:27:37:Infinity":0,"s:39:20:50:Infinity":1,"s:52:21:56:Infinity":2,"s:58:20:65:Infinity":3,"s:67:21:91:Infinity":4,"f:67:21:67:22":0,"b:69:10:69:11":0,"b:71:10:71:16":1,"b:72:13:72:18":2,"s:75:20:75:72":5,"b:75:27:75:44:75:47:75:72":3,"s:77:2:89:Infinity":6,"b:85:8:85:20:85:20:85:Infinity":4}}}
,"C:\\Users\\jveloper\\Documents\\jweloper\\projects\\demos\\searching-demo\\src\\components\\atomic-desing\\molecules\\index.ts": {"path":"C:\\Users\\jveloper\\Documents\\jweloper\\projects\\demos\\searching-demo\\src\\components\\atomic-desing\\molecules\\index.ts","statementMap":{},"fnMap":{},"branchMap":{},"s":{},"f":{},"b":{},"meta":{"lastBranch":0,"lastFunction":0,"lastStatement":0,"seen":{}}}
,"C:\\Users\\jveloper\\Documents\\jweloper\\projects\\demos\\searching-demo\\src\\components\\atomic-desing\\molecules\\avatar-button\\index.tsx": {"path":"C:\\Users\\jveloper\\Documents\\jweloper\\projects\\demos\\searching-demo\\src\\components\\atomic-desing\\molecules\\avatar-button\\index.tsx","statementMap":{"0":{"start":{"line":21,"column":28},"end":{"line":42,"column":null}}},"fnMap":{"0":{"name":"(anonymous_0)","decl":{"start":{"line":21,"column":28},"end":{"line":21,"column":29}},"loc":{"start":{"line":26,"column":20},"end":{"line":42,"column":null}},"line":26}},"branchMap":{},"s":{"0":4},"f":{"0":28},"b":{},"meta":{"lastBranch":0,"lastFunction":1,"lastStatement":1,"seen":{"s:21:28:42:Infinity":0,"f:21:28:21:29":0}}}
,"C:\\Users\\jveloper\\Documents\\jweloper\\projects\\demos\\searching-demo\\src\\components\\atomic-desing\\molecules\\card-a\\index.tsx": {"path":"C:\\Users\\jveloper\\Documents\\jweloper\\projects\\demos\\searching-demo\\src\\components\\atomic-desing\\molecules\\card-a\\index.tsx","statementMap":{"0":{"start":{"line":43,"column":21},"end":{"line":118,"column":null}},"1":{"start":{"line":57,"column":26},"end":{"line":60,"column":null}},"2":{"start":{"line":58,"column":4},"end":{"line":58,"column":null}},"3":{"start":{"line":59,"column":4},"end":{"line":59,"column":null}},"4":{"start":{"line":62,"column":8},"end":{"line":64,"column":null}},"5":{"start":{"line":101,"column":2},"end":{"line":111,"column":null}}},"fnMap":{"0":{"name":"(anonymous_0)","decl":{"start":{"line":43,"column":21},"end":{"line":43,"column":22}},"loc":{"start":{"line":52,"column":13},"end":{"line":118,"column":null}},"line":52},"1":{"name":"(anonymous_1)","decl":{"start":{"line":57,"column":26},"end":{"line":57,"column":27}},"loc":{"start":{"line":57,"column":27},"end":{"line":60,"column":null}},"line":57}},"branchMap":{"0":{"loc":{"start":{"line":47,"column":2},"end":{"line":47,"column":19}},"type":"default-arg","locations":[{"start":{"line":47,"column":14},"end":{"line":47,"column":19}}],"line":47},"1":{"loc":{"start":{"line":50,"column":2},"end":{"line":50,"column":12}},"type":"default-arg","locations":[{"start":{"line":50,"column":7},"end":{"line":50,"column":12}}],"line":50},"2":{"loc":{"start":{"line":71,"column":14},"end":{"line":71,"column":null}},"type":"binary-expr","locations":[{"start":{"line":71,"column":14},"end":{"line":71,"column":25}},{"start":{"line":71,"column":29},"end":{"line":71,"column":null}}],"line":71},"3":{"loc":{"start":{"line":93,"column":12},"end":{"line":93,"column":null}},"type":"binary-expr","locations":[{"start":{"line":93,"column":12},"end":{"line":93,"column":25}},{"start":{"line":93,"column":25},"end":{"line":93,"column":null}}],"line":93},"4":{"loc":{"start":{"line":95,"column":16},"end":{"line":95,"column":null}},"type":"cond-expr","locations":[{"start":{"line":95,"column":28},"end":{"line":95,"column":39}},{"start":{"line":95,"column":42},"end":{"line":95,"column":null}}],"line":95},"5":{"loc":{"start":{"line":101,"column":2},"end":{"line":111,"column":null}},"type":"if","locations":[{"start":{"line":101,"column":2},"end":{"line":111,"column":null}},{"start":{},"end":{}}],"line":101}},"s":{"0":3,"1":26,"2":4,"3":4,"4":26,"5":26},"f":{"0":26,"1":4},"b":{"0":[26],"1":[26],"2":[26,21],"3":[26,0],"4":[0,26],"5":[2,24]},"meta":{"lastBranch":6,"lastFunction":2,"lastStatement":6,"seen":{"s:43:21:118:Infinity":0,"f:43:21:43:22":0,"b:47:14:47:19":0,"b:50:7:50:12":1,"s:57:26:60:Infinity":1,"f:57:26:57:27":1,"s:58:4:58:Infinity":2,"s:59:4:59:Infinity":3,"s:62:8:64:Infinity":4,"b:71:14:71:25:71:29:71:Infinity":2,"b:93:12:93:25:93:25:93:Infinity":3,"b:95:28:95:39:95:42:95:Infinity":4,"b:101:2:111:Infinity:undefined:undefined:undefined:undefined":5,"s:101:2:111:Infinity":5}}}
,"C:\\Users\\jveloper\\Documents\\jweloper\\projects\\demos\\searching-demo\\src\\components\\atomic-desing\\molecules\\header\\index.tsx": {"path":"C:\\Users\\jveloper\\Documents\\jweloper\\projects\\demos\\searching-demo\\src\\components\\atomic-desing\\molecules\\header\\index.tsx","statementMap":{"0":{"start":{"line":22,"column":22},"end":{"line":29,"column":null}}},"fnMap":{"0":{"name":"(anonymous_0)","decl":{"start":{"line":22,"column":22},"end":{"line":22,"column":23}},"loc":{"start":{"line":22,"column":64},"end":{"line":29,"column":null}},"line":22}},"branchMap":{},"s":{"0":3},"f":{"0":12},"b":{},"meta":{"lastBranch":0,"lastFunction":1,"lastStatement":1,"seen":{"s:22:22:29:Infinity":0,"f:22:22:22:23":0}}}
,"C:\\Users\\jveloper\\Documents\\jweloper\\projects\\demos\\searching-demo\\src\\components\\atomic-desing\\molecules\\message\\index.tsx": {"path":"C:\\Users\\jveloper\\Documents\\jweloper\\projects\\demos\\searching-demo\\src\\components\\atomic-desing\\molecules\\message\\index.tsx","statementMap":{"0":{"start":{"line":26,"column":23},"end":{"line":41,"column":null}}},"fnMap":{"0":{"name":"(anonymous_0)","decl":{"start":{"line":26,"column":23},"end":{"line":26,"column":24}},"loc":{"start":{"line":31,"column":15},"end":{"line":41,"column":null}},"line":31}},"branchMap":{},"s":{"0":3},"f":{"0":26},"b":{},"meta":{"lastBranch":0,"lastFunction":1,"lastStatement":1,"seen":{"s:26:23:41:Infinity":0,"f:26:23:26:24":0}}}
,"C:\\Users\\jveloper\\Documents\\jweloper\\projects\\demos\\searching-demo\\src\\components\\atomic-desing\\molecules\\popover\\index.tsx": {"path":"C:\\Users\\jveloper\\Documents\\jweloper\\projects\\demos\\searching-demo\\src\\components\\atomic-desing\\molecules\\popover\\index.tsx","statementMap":{"0":{"start":{"line":23,"column":24},"end":{"line":23,"column":null}},"1":{"start":{"line":24,"column":20},"end":{"line":24,"column":null}},"2":{"start":{"line":32,"column":6},"end":{"line":32,"column":null}},"3":{"start":{"line":34,"column":26},"end":{"line":40,"column":null}},"4":{"start":{"line":35,"column":8},"end":{"line":35,"column":null}},"5":{"start":{"line":36,"column":2},"end":{"line":38,"column":null}},"6":{"start":{"line":37,"column":4},"end":{"line":37,"column":null}},"7":{"start":{"line":39,"column":2},"end":{"line":39,"column":null}},"8":{"start":{"line":49,"column":23},"end":{"line":80,"column":null}},"9":{"start":{"line":55,"column":39},"end":{"line":55,"column":null}},"10":{"start":{"line":56,"column":8},"end":{"line":56,"column":null}},"11":{"start":{"line":58,"column":15},"end":{"line":58,"column":null}},"12":{"start":{"line":60,"column":8},"end":{"line":67,"column":null}},"13":{"start":{"line":62,"column":6},"end":{"line":64,"column":null}},"14":{"start":{"line":63,"column":8},"end":{"line":63,"column":null}},"15":{"start":{"line":65,"column":6},"end":{"line":65,"column":null}},"16":{"start":{"line":70,"column":8},"end":{"line":72,"column":null}},"17":{"start":{"line":71,"column":11},"end":{"line":71,"column":null}},"18":{"start":{"line":94,"column":30},"end":{"line":122,"column":null}},"19":{"start":{"line":95,"column":37},"end":{"line":95,"column":null}},"20":{"start":{"line":96,"column":45},"end":{"line":96,"column":null}},"21":{"start":{"line":98,"column":2},"end":{"line":100,"column":null}},"22":{"start":{"line":99,"column":4},"end":{"line":99,"column":null}},"23":{"start":{"line":102,"column":8},"end":{"line":109,"column":null}},"24":{"start":{"line":104,"column":30},"end":{"line":104,"column":null}},"25":{"start":{"line":105,"column":6},"end":{"line":105,"column":null}},"26":{"start":{"line":107,"column":6},"end":{"line":107,"column":null}},"27":{"start":{"line":113,"column":23},"end":{"line":114,"column":null}},"28":{"start":{"line":114,"column":48},"end":{"line":114,"column":null}},"29":{"start":{"line":117,"column":2},"end":{"line":121,"column":null}},"30":{"start":{"line":132,"column":22},"end":{"line":138,"column":null}},"31":{"start":{"line":142,"column":36},"end":{"line":155,"column":null}},"32":{"start":{"line":147,"column":2},"end":{"line":154,"column":null}},"33":{"start":{"line":149,"column":6},"end":{"line":149,"column":null}},"34":{"start":{"line":151,"column":6},"end":{"line":151,"column":null}},"35":{"start":{"line":153,"column":6},"end":{"line":153,"column":null}},"36":{"start":{"line":157,"column":34},"end":{"line":170,"column":null}},"37":{"start":{"line":162,"column":2},"end":{"line":169,"column":null}},"38":{"start":{"line":164,"column":6},"end":{"line":164,"column":null}},"39":{"start":{"line":166,"column":6},"end":{"line":166,"column":null}},"40":{"start":{"line":168,"column":6},"end":{"line":168,"column":null}},"41":{"start":{"line":172,"column":32},"end":{"line":202,"column":null}},"42":{"start":{"line":178,"column":12},"end":{"line":178,"column":null}},"43":{"start":{"line":179,"column":13},"end":{"line":179,"column":null}},"44":{"start":{"line":182,"column":2},"end":{"line":199,"column":null}},"45":{"start":{"line":184,"column":6},"end":{"line":184,"column":null}},"46":{"start":{"line":185,"column":6},"end":{"line":185,"column":null}},"47":{"start":{"line":186,"column":6},"end":{"line":186,"column":null}},"48":{"start":{"line":188,"column":6},"end":{"line":188,"column":null}},"49":{"start":{"line":189,"column":6},"end":{"line":189,"column":null}},"50":{"start":{"line":190,"column":6},"end":{"line":190,"column":null}},"51":{"start":{"line":192,"column":6},"end":{"line":192,"column":null}},"52":{"start":{"line":193,"column":6},"end":{"line":193,"column":null}},"53":{"start":{"line":194,"column":6},"end":{"line":194,"column":null}},"54":{"start":{"line":196,"column":6},"end":{"line":196,"column":null}},"55":{"start":{"line":197,"column":6},"end":{"line":197,"column":null}},"56":{"start":{"line":198,"column":6},"end":{"line":198,"column":null}},"57":{"start":{"line":201,"column":2},"end":{"line":201,"column":null}},"58":{"start":{"line":204,"column":28},"end":{"line":219,"column":null}},"59":{"start":{"line":209,"column":26},"end":{"line":211,"column":null}},"60":{"start":{"line":213,"column":25},"end":{"line":215,"column":null}},"61":{"start":{"line":218,"column":2},"end":{"line":218,"column":null}},"62":{"start":{"line":221,"column":30},"end":{"line":359,"column":null}},"63":{"start":{"line":230,"column":45},"end":{"line":230,"column":null}},"64":{"start":{"line":231,"column":8},"end":{"line":231,"column":null}},"65":{"start":{"line":233,"column":8},"end":{"line":239,"column":null}},"66":{"start":{"line":235,"column":6},"end":{"line":237,"column":null}},"67":{"start":{"line":236,"column":8},"end":{"line":236,"column":null}},"68":{"start":{"line":242,"column":8},"end":{"line":253,"column":null}},"69":{"start":{"line":244,"column":6},"end":{"line":251,"column":null}},"70":{"start":{"line":250,"column":8},"end":{"line":250,"column":null}},"71":{"start":{"line":256,"column":2},"end":{"line":266,"column":null}},"72":{"start":{"line":257,"column":4},"end":{"line":257,"column":null}},"73":{"start":{"line":257,"column":15},"end":{"line":257,"column":null}},"74":{"start":{"line":259,"column":4},"end":{"line":259,"column":null}},"75":{"start":{"line":260,"column":4},"end":{"line":260,"column":null}},"76":{"start":{"line":262,"column":4},"end":{"line":265,"column":null}},"77":{"start":{"line":263,"column":6},"end":{"line":263,"column":null}},"78":{"start":{"line":264,"column":6},"end":{"line":264,"column":null}},"79":{"start":{"line":268,"column":8},"end":{"line":291,"column":null}},"80":{"start":{"line":269,"column":4},"end":{"line":269,"column":null}},"81":{"start":{"line":269,"column":52},"end":{"line":269,"column":null}},"82":{"start":{"line":271,"column":24},"end":{"line":271,"column":null}},"83":{"start":{"line":272,"column":24},"end":{"line":272,"column":null}},"84":{"start":{"line":274,"column":26},"end":{"line":278,"column":null}},"85":{"start":{"line":281,"column":59},"end":{"line":284,"column":null}},"86":{"start":{"line":287,"column":4},"end":{"line":290,"column":null}},"87":{"start":{"line":288,"column":6},"end":{"line":288,"column":null}},"88":{"start":{"line":289,"column":6},"end":{"line":289,"column":null}},"89":{"start":{"line":293,"column":2},"end":{"line":304,"column":null}},"90":{"start":{"line":294,"column":4},"end":{"line":294,"column":null}},"91":{"start":{"line":294,"column":61},"end":{"line":294,"column":null}},"92":{"start":{"line":296,"column":4},"end":{"line":296,"column":null}},"93":{"start":{"line":297,"column":4},"end":{"line":297,"column":null}},"94":{"start":{"line":298,"column":4},"end":{"line":298,"column":null}},"95":{"start":{"line":300,"column":4},"end":{"line":303,"column":null}},"96":{"start":{"line":301,"column":6},"end":{"line":301,"column":null}},"97":{"start":{"line":302,"column":6},"end":{"line":302,"column":null}},"98":{"start":{"line":306,"column":8},"end":{"line":320,"column":null}},"99":{"start":{"line":308,"column":6},"end":{"line":308,"column":71}},"100":{"start":{"line":310,"column":4},"end":{"line":312,"column":null}},"101":{"start":{"line":311,"column":6},"end":{"line":311,"column":null}},"102":{"start":{"line":315,"column":6},"end":{"line":317,"column":48}},"103":{"start":{"line":319,"column":4},"end":{"line":319,"column":null}},"104":{"start":{"line":322,"column":8},"end":{"line":337,"column":null}},"105":{"start":{"line":323,"column":39},"end":{"line":323,"column":null}},"106":{"start":{"line":325,"column":4},"end":{"line":327,"column":null}},"107":{"start":{"line":326,"column":6},"end":{"line":326,"column":null}},"108":{"start":{"line":329,"column":4},"end":{"line":334,"column":null}},"109":{"start":{"line":330,"column":6},"end":{"line":330,"column":null}},"110":{"start":{"line":331,"column":6},"end":{"line":333,"column":null}},"111":{"start":{"line":332,"column":8},"end":{"line":332,"column":null}},"112":{"start":{"line":336,"column":4},"end":{"line":336,"column":null}},"113":{"start":{"line":339,"column":2},"end":{"line":339,"column":null}},"114":{"start":{"line":339,"column":13},"end":{"line":339,"column":null}},"115":{"start":{"line":341,"column":2},"end":{"line":357,"column":null}}},"fnMap":{"0":{"name":"(anonymous_0)","decl":{"start":{"line":34,"column":26},"end":{"line":34,"column":null}},"loc":{"start":{"line":34,"column":26},"end":{"line":40,"column":null}},"line":34},"1":{"name":"(anonymous_1)","decl":{"start":{"line":49,"column":23},"end":{"line":49,"column":24}},"loc":{"start":{"line":54,"column":15},"end":{"line":80,"column":null}},"line":54},"2":{"name":"(anonymous_2)","decl":{"start":{"line":61,"column":4},"end":{"line":61,"column":5}},"loc":{"start":{"line":61,"column":5},"end":{"line":66,"column":null}},"line":61},"3":{"name":"(anonymous_3)","decl":{"start":{"line":71,"column":4},"end":{"line":71,"column":11}},"loc":{"start":{"line":71,"column":11},"end":{"line":71,"column":null}},"line":71},"4":{"name":"(anonymous_4)","decl":{"start":{"line":94,"column":30},"end":{"line":94,"column":31}},"loc":{"start":{"line":94,"column":31},"end":{"line":122,"column":null}},"line":94},"5":{"name":"(anonymous_5)","decl":{"start":{"line":103,"column":4},"end":{"line":103,"column":5}},"loc":{"start":{"line":103,"column":5},"end":{"line":108,"column":null}},"line":103},"6":{"name":"(anonymous_6)","decl":{"start":{"line":114,"column":37},"end":{"line":114,"column":38}},"loc":{"start":{"line":114,"column":48},"end":{"line":114,"column":null}},"line":114},"7":{"name":"(anonymous_7)","decl":{"start":{"line":142,"column":36},"end":{"line":142,"column":null}},"loc":{"start":{"line":145,"column":2},"end":{"line":155,"column":null}},"line":145},"8":{"name":"(anonymous_8)","decl":{"start":{"line":157,"column":34},"end":{"line":157,"column":null}},"loc":{"start":{"line":160,"column":2},"end":{"line":170,"column":null}},"line":160},"9":{"name":"(anonymous_9)","decl":{"start":{"line":172,"column":32},"end":{"line":172,"column":null}},"loc":{"start":{"line":176,"column":2},"end":{"line":202,"column":null}},"line":176},"10":{"name":"(anonymous_10)","decl":{"start":{"line":204,"column":28},"end":{"line":204,"column":null}},"loc":{"start":{"line":207,"column":2},"end":{"line":219,"column":null}},"line":207},"11":{"name":"(anonymous_11)","decl":{"start":{"line":221,"column":30},"end":{"line":221,"column":31}},"loc":{"start":{"line":229,"column":22},"end":{"line":359,"column":null}},"line":229},"12":{"name":"(anonymous_12)","decl":{"start":{"line":234,"column":4},"end":{"line":234,"column":5}},"loc":{"start":{"line":234,"column":5},"end":{"line":238,"column":null}},"line":234},"13":{"name":"(anonymous_13)","decl":{"start":{"line":243,"column":4},"end":{"line":243,"column":5}},"loc":{"start":{"line":243,"column":5},"end":{"line":252,"column":null}},"line":243},"14":{"name":"(anonymous_14)","decl":{"start":{"line":256,"column":12},"end":{"line":256,"column":null}},"loc":{"start":{"line":256,"column":12},"end":{"line":266,"column":5}},"line":256},"15":{"name":"(anonymous_15)","decl":{"start":{"line":262,"column":11},"end":{"line":262,"column":null}},"loc":{"start":{"line":262,"column":11},"end":{"line":265,"column":null}},"line":262},"16":{"name":"(anonymous_16)","decl":{"start":{"line":268,"column":37},"end":{"line":268,"column":null}},"loc":{"start":{"line":268,"column":37},"end":{"line":291,"column":5}},"line":268},"17":{"name":"(anonymous_17)","decl":{"start":{"line":293,"column":12},"end":{"line":293,"column":null}},"loc":{"start":{"line":293,"column":12},"end":{"line":304,"column":5}},"line":293},"18":{"name":"(anonymous_18)","decl":{"start":{"line":300,"column":11},"end":{"line":300,"column":null}},"loc":{"start":{"line":300,"column":11},"end":{"line":303,"column":null}},"line":300},"19":{"name":"(anonymous_19)","decl":{"start":{"line":306,"column":38},"end":{"line":306,"column":null}},"loc":{"start":{"line":306,"column":38},"end":{"line":320,"column":5}},"line":306},"20":{"name":"(anonymous_20)","decl":{"start":{"line":322,"column":36},"end":{"line":322,"column":null}},"loc":{"start":{"line":322,"column":36},"end":{"line":337,"column":5}},"line":322}},"branchMap":{"0":{"loc":{"start":{"line":36,"column":2},"end":{"line":38,"column":null}},"type":"if","locations":[{"start":{"line":36,"column":2},"end":{"line":38,"column":null}},{"start":{},"end":{}}],"line":36},"1":{"loc":{"start":{"line":51,"column":2},"end":{"line":51,"column":21}},"type":"default-arg","locations":[{"start":{"line":51,"column":16},"end":{"line":51,"column":21}}],"line":51},"2":{"loc":{"start":{"line":58,"column":15},"end":{"line":58,"column":null}},"type":"binary-expr","locations":[{"start":{"line":58,"column":15},"end":{"line":58,"column":33}},{"start":{"line":58,"column":33},"end":{"line":58,"column":null}}],"line":58},"3":{"loc":{"start":{"line":62,"column":6},"end":{"line":64,"column":null}},"type":"if","locations":[{"start":{"line":62,"column":6},"end":{"line":64,"column":null}},{"start":{},"end":{}}],"line":62},"4":{"loc":{"start":{"line":98,"column":2},"end":{"line":100,"column":null}},"type":"if","locations":[{"start":{"line":98,"column":2},"end":{"line":100,"column":null}},{"start":{},"end":{}}],"line":98},"5":{"loc":{"start":{"line":147,"column":2},"end":{"line":154,"column":null}},"type":"switch","locations":[{"start":{"line":148,"column":4},"end":{"line":149,"column":null}},{"start":{"line":150,"column":4},"end":{"line":151,"column":null}},{"start":{"line":152,"column":4},"end":{"line":153,"column":null}}],"line":147},"6":{"loc":{"start":{"line":162,"column":2},"end":{"line":169,"column":null}},"type":"switch","locations":[{"start":{"line":163,"column":4},"end":{"line":164,"column":null}},{"start":{"line":165,"column":4},"end":{"line":166,"column":null}},{"start":{"line":167,"column":4},"end":{"line":168,"column":null}}],"line":162},"7":{"loc":{"start":{"line":182,"column":2},"end":{"line":199,"column":null}},"type":"switch","locations":[{"start":{"line":183,"column":4},"end":{"line":186,"column":null}},{"start":{"line":187,"column":4},"end":{"line":190,"column":null}},{"start":{"line":191,"column":4},"end":{"line":194,"column":null}},{"start":{"line":195,"column":4},"end":{"line":198,"column":null}}],"line":182},"8":{"loc":{"start":{"line":224,"column":2},"end":{"line":224,"column":18}},"type":"default-arg","locations":[{"start":{"line":224,"column":10},"end":{"line":224,"column":18}}],"line":224},"9":{"loc":{"start":{"line":225,"column":2},"end":{"line":225,"column":17}},"type":"default-arg","locations":[{"start":{"line":225,"column":9},"end":{"line":225,"column":17}}],"line":225},"10":{"loc":{"start":{"line":226,"column":2},"end":{"line":226,"column":16}},"type":"default-arg","locations":[{"start":{"line":226,"column":10},"end":{"line":226,"column":16}}],"line":226},"11":{"loc":{"start":{"line":235,"column":6},"end":{"line":237,"column":null}},"type":"if","locations":[{"start":{"line":235,"column":6},"end":{"line":237,"column":null}},{"start":{},"end":{}}],"line":235},"12":{"loc":{"start":{"line":244,"column":6},"end":{"line":251,"column":null}},"type":"if","locations":[{"start":{"line":244,"column":6},"end":{"line":251,"column":null}},{"start":{},"end":{}}],"line":244},"13":{"loc":{"start":{"line":245,"column":8},"end":{"line":248,"column":null}},"type":"binary-expr","locations":[{"start":{"line":245,"column":8},"end":{"line":245,"column":26}},{"start":{"line":246,"column":8},"end":{"line":246,"column":26}},{"start":{"line":247,"column":8},"end":{"line":247,"column":null}},{"start":{"line":248,"column":8},"end":{"line":248,"column":null}}],"line":245},"14":{"loc":{"start":{"line":257,"column":4},"end":{"line":257,"column":null}},"type":"if","locations":[{"start":{"line":257,"column":4},"end":{"line":257,"column":null}},{"start":{},"end":{}}],"line":257},"15":{"loc":{"start":{"line":269,"column":4},"end":{"line":269,"column":null}},"type":"if","locations":[{"start":{"line":269,"column":4},"end":{"line":269,"column":null}},{"start":{},"end":{}}],"line":269},"16":{"loc":{"start":{"line":269,"column":8},"end":{"line":269,"column":50}},"type":"binary-expr","locations":[{"start":{"line":269,"column":8},"end":{"line":269,"column":27}},{"start":{"line":269,"column":31},"end":{"line":269,"column":50}}],"line":269},"17":{"loc":{"start":{"line":287,"column":4},"end":{"line":290,"column":null}},"type":"if","locations":[{"start":{"line":287,"column":4},"end":{"line":290,"column":null}},{"start":{},"end":{}}],"line":287},"18":{"loc":{"start":{"line":294,"column":4},"end":{"line":294,"column":null}},"type":"if","locations":[{"start":{"line":294,"column":4},"end":{"line":294,"column":null}},{"start":{},"end":{}}],"line":294},"19":{"loc":{"start":{"line":294,"column":8},"end":{"line":294,"column":59}},"type":"binary-expr","locations":[{"start":{"line":294,"column":8},"end":{"line":294,"column":17}},{"start":{"line":294,"column":17},"end":{"line":294,"column":36}},{"start":{"line":294,"column":40},"end":{"line":294,"column":59}}],"line":294},"20":{"loc":{"start":{"line":308,"column":6},"end":{"line":308,"column":71}},"type":"cond-expr","locations":[{"start":{"line":308,"column":34},"end":{"line":308,"column":39}},{"start":{"line":308,"column":39},"end":{"line":308,"column":71}}],"line":308},"21":{"loc":{"start":{"line":310,"column":4},"end":{"line":312,"column":null}},"type":"if","locations":[{"start":{"line":310,"column":4},"end":{"line":312,"column":null}},{"start":{},"end":{}}],"line":310},"22":{"loc":{"start":{"line":315,"column":6},"end":{"line":317,"column":48}},"type":"cond-expr","locations":[{"start":{"line":316,"column":10},"end":{"line":316,"column":null}},{"start":{"line":317,"column":10},"end":{"line":317,"column":48}}],"line":315},"23":{"loc":{"start":{"line":319,"column":11},"end":{"line":319,"column":null}},"type":"cond-expr","locations":[{"start":{"line":319,"column":21},"end":{"line":319,"column":49}},{"start":{"line":319,"column":52},"end":{"line":319,"column":null}}],"line":319},"24":{"loc":{"start":{"line":325,"column":4},"end":{"line":327,"column":null}},"type":"if","locations":[{"start":{"line":325,"column":4},"end":{"line":327,"column":null}},{"start":{},"end":{}}],"line":325},"25":{"loc":{"start":{"line":329,"column":4},"end":{"line":334,"column":null}},"type":"if","locations":[{"start":{"line":329,"column":4},"end":{"line":334,"column":null}},{"start":{},"end":{}}],"line":329},"26":{"loc":{"start":{"line":329,"column":8},"end":{"line":329,"column":56}},"type":"binary-expr","locations":[{"start":{"line":329,"column":8},"end":{"line":329,"column":23}},{"start":{"line":329,"column":23},"end":{"line":329,"column":56}}],"line":329},"27":{"loc":{"start":{"line":331,"column":6},"end":{"line":333,"column":null}},"type":"if","locations":[{"start":{"line":331,"column":6},"end":{"line":333,"column":null}},{"start":{},"end":{}}],"line":331},"28":{"loc":{"start":{"line":339,"column":2},"end":{"line":339,"column":null}},"type":"if","locations":[{"start":{"line":339,"column":2},"end":{"line":339,"column":null}},{"start":{},"end":{}}],"line":339}},"s":{"0":4,"1":4,"2":4,"3":4,"4":218,"5":218,"6":0,"7":218,"8":4,"9":111,"10":111,"11":111,"12":111,"13":26,"14":5,"15":26,"16":111,"17":93,"18":4,"19":111,"20":111,"21":111,"22":2,"23":108,"24":23,"25":23,"26":23,"27":108,"28":44,"29":108,"30":4,"31":4,"32":44,"33":1,"34":25,"35":18,"36":4,"37":3,"38":1,"39":2,"40":0,"41":4,"42":47,"43":47,"44":47,"45":2,"46":2,"47":2,"48":42,"49":42,"50":42,"51":1,"52":1,"53":1,"54":2,"55":2,"56":2,"57":47,"58":4,"59":47,"60":47,"61":47,"62":4,"63":108,"64":108,"65":108,"66":2,"67":2,"68":108,"69":14,"70":1,"71":108,"72":91,"73":44,"74":47,"75":47,"76":47,"77":47,"78":47,"79":108,"80":47,"81":0,"82":47,"83":47,"84":47,"85":47,"86":47,"87":47,"88":47,"89":108,"90":91,"91":44,"92":47,"93":47,"94":47,"95":47,"96":47,"97":47,"98":108,"99":56,"100":56,"101":53,"102":3,"103":56,"104":108,"105":56,"106":56,"107":1,"108":56,"109":1,"110":1,"111":0,"112":56,"113":108,"114":52,"115":56},"f":{"0":218,"1":111,"2":26,"3":93,"4":111,"5":23,"6":44,"7":44,"8":3,"9":47,"10":47,"11":108,"12":2,"13":14,"14":91,"15":47,"16":47,"17":91,"18":47,"19":56,"20":56},"b":{"0":[0,218],"1":[111],"2":[111,18],"3":[5,21],"4":[2,109],"5":[1,25,18],"6":[1,2,0],"7":[2,42,1,2],"8":[108],"9":[108],"10":[108],"11":[2,0],"12":[1,13],"13":[14,14,14,2],"14":[44,47],"15":[0,47],"16":[47,47],"17":[47,0],"18":[44,47],"19":[91,47,47],"20":[1,55],"21":[53,3],"22":[1,2],"23":[2,1],"24":[1,55],"25":[1,55],"26":[56,3],"27":[0,1],"28":[52,56]},"meta":{"lastBranch":29,"lastFunction":21,"lastStatement":116,"seen":{"s:23:24:23:Infinity":0,"s:24:20:24:Infinity":1,"s:32:6:32:Infinity":2,"s:34:26:40:Infinity":3,"f:34:26:34:Infinity":0,"s:35:8:35:Infinity":4,"b:36:2:38:Infinity:undefined:undefined:undefined:undefined":0,"s:36:2:38:Infinity":5,"s:37:4:37:Infinity":6,"s:39:2:39:Infinity":7,"s:49:23:80:Infinity":8,"f:49:23:49:24":1,"b:51:16:51:21":1,"s:55:39:55:Infinity":9,"s:56:8:56:Infinity":10,"s:58:15:58:Infinity":11,"b:58:15:58:33:58:33:58:Infinity":2,"s:60:8:67:Infinity":12,"f:61:4:61:5":2,"b:62:6:64:Infinity:undefined:undefined:undefined:undefined":3,"s:62:6:64:Infinity":13,"s:63:8:63:Infinity":14,"s:65:6:65:Infinity":15,"s:70:8:72:Infinity":16,"f:71:4:71:11":3,"s:71:11:71:Infinity":17,"s:94:30:122:Infinity":18,"f:94:30:94:31":4,"s:95:37:95:Infinity":19,"s:96:45:96:Infinity":20,"b:98:2:100:Infinity:undefined:undefined:undefined:undefined":4,"s:98:2:100:Infinity":21,"s:99:4:99:Infinity":22,"s:102:8:109:Infinity":23,"f:103:4:103:5":5,"s:104:30:104:Infinity":24,"s:105:6:105:Infinity":25,"s:107:6:107:Infinity":26,"s:113:23:114:Infinity":27,"f:114:37:114:38":6,"s:114:48:114:Infinity":28,"s:117:2:121:Infinity":29,"s:132:22:138:Infinity":30,"s:142:36:155:Infinity":31,"f:142:36:142:Infinity":7,"b:148:4:149:Infinity:150:4:151:Infinity:152:4:153:Infinity":5,"s:147:2:154:Infinity":32,"s:149:6:149:Infinity":33,"s:151:6:151:Infinity":34,"s:153:6:153:Infinity":35,"s:157:34:170:Infinity":36,"f:157:34:157:Infinity":8,"b:163:4:164:Infinity:165:4:166:Infinity:167:4:168:Infinity":6,"s:162:2:169:Infinity":37,"s:164:6:164:Infinity":38,"s:166:6:166:Infinity":39,"s:168:6:168:Infinity":40,"s:172:32:202:Infinity":41,"f:172:32:172:Infinity":9,"s:178:12:178:Infinity":42,"s:179:13:179:Infinity":43,"b:183:4:186:Infinity:187:4:190:Infinity:191:4:194:Infinity:195:4:198:Infinity":7,"s:182:2:199:Infinity":44,"s:184:6:184:Infinity":45,"s:185:6:185:Infinity":46,"s:186:6:186:Infinity":47,"s:188:6:188:Infinity":48,"s:189:6:189:Infinity":49,"s:190:6:190:Infinity":50,"s:192:6:192:Infinity":51,"s:193:6:193:Infinity":52,"s:194:6:194:Infinity":53,"s:196:6:196:Infinity":54,"s:197:6:197:Infinity":55,"s:198:6:198:Infinity":56,"s:201:2:201:Infinity":57,"s:204:28:219:Infinity":58,"f:204:28:204:Infinity":10,"s:209:26:211:Infinity":59,"s:213:25:215:Infinity":60,"s:218:2:218:Infinity":61,"s:221:30:359:Infinity":62,"f:221:30:221:31":11,"b:224:10:224:18":8,"b:225:9:225:17":9,"b:226:10:226:16":10,"s:230:45:230:Infinity":63,"s:231:8:231:Infinity":64,"s:233:8:239:Infinity":65,"f:234:4:234:5":12,"b:235:6:237:Infinity:undefined:undefined:undefined:undefined":11,"s:235:6:237:Infinity":66,"s:236:8:236:Infinity":67,"s:242:8:253:Infinity":68,"f:243:4:243:5":13,"b:244:6:251:Infinity:undefined:undefined:undefined:undefined":12,"s:244:6:251:Infinity":69,"b:245:8:245:26:246:8:246:26:247:8:247:Infinity:248:8:248:Infinity":13,"s:250:8:250:Infinity":70,"s:256:2:266:Infinity":71,"f:256:12:256:Infinity":14,"b:257:4:257:Infinity:undefined:undefined:undefined:undefined":14,"s:257:4:257:Infinity":72,"s:257:15:257:Infinity":73,"s:259:4:259:Infinity":74,"s:260:4:260:Infinity":75,"s:262:4:265:Infinity":76,"f:262:11:262:Infinity":15,"s:263:6:263:Infinity":77,"s:264:6:264:Infinity":78,"s:268:8:291:Infinity":79,"f:268:37:268:Infinity":16,"b:269:4:269:Infinity:undefined:undefined:undefined:undefined":15,"s:269:4:269:Infinity":80,"b:269:8:269:27:269:31:269:50":16,"s:269:52:269:Infinity":81,"s:271:24:271:Infinity":82,"s:272:24:272:Infinity":83,"s:274:26:278:Infinity":84,"s:281:59:284:Infinity":85,"b:287:4:290:Infinity:undefined:undefined:undefined:undefined":17,"s:287:4:290:Infinity":86,"s:288:6:288:Infinity":87,"s:289:6:289:Infinity":88,"s:293:2:304:Infinity":89,"f:293:12:293:Infinity":17,"b:294:4:294:Infinity:undefined:undefined:undefined:undefined":18,"s:294:4:294:Infinity":90,"b:294:8:294:17:294:17:294:36:294:40:294:59":19,"s:294:61:294:Infinity":91,"s:296:4:296:Infinity":92,"s:297:4:297:Infinity":93,"s:298:4:298:Infinity":94,"s:300:4:303:Infinity":95,"f:300:11:300:Infinity":18,"s:301:6:301:Infinity":96,"s:302:6:302:Infinity":97,"s:306:8:320:Infinity":98,"f:306:38:306:Infinity":19,"s:308:6:308:71":99,"b:308:34:308:39:308:39:308:71":20,"b:310:4:312:Infinity:undefined:undefined:undefined:undefined":21,"s:310:4:312:Infinity":100,"s:311:6:311:Infinity":101,"s:315:6:317:48":102,"b:316:10:316:Infinity:317:10:317:48":22,"s:319:4:319:Infinity":103,"b:319:21:319:49:319:52:319:Infinity":23,"s:322:8:337:Infinity":104,"f:322:36:322:Infinity":20,"s:323:39:323:Infinity":105,"b:325:4:327:Infinity:undefined:undefined:undefined:undefined":24,"s:325:4:327:Infinity":106,"s:326:6:326:Infinity":107,"b:329:4:334:Infinity:undefined:undefined:undefined:undefined":25,"s:329:4:334:Infinity":108,"b:329:8:329:23:329:23:329:56":26,"s:330:6:330:Infinity":109,"b:331:6:333:Infinity:undefined:undefined:undefined:undefined":27,"s:331:6:333:Infinity":110,"s:332:8:332:Infinity":111,"s:336:4:336:Infinity":112,"b:339:2:339:Infinity:undefined:undefined:undefined:undefined":28,"s:339:2:339:Infinity":113,"s:339:13:339:Infinity":114,"s:341:2:357:Infinity":115}}}
,"C:\\Users\\jveloper\\Documents\\jweloper\\projects\\demos\\searching-demo\\src\\components\\atomic-desing\\organisms\\index.ts": {"path":"C:\\Users\\jveloper\\Documents\\jweloper\\projects\\demos\\searching-demo\\src\\components\\atomic-desing\\organisms\\index.ts","statementMap":{},"fnMap":{},"branchMap":{},"s":{},"f":{},"b":{},"meta":{"lastBranch":0,"lastFunction":0,"lastStatement":0,"seen":{}}}
,"C:\\Users\\jveloper\\Documents\\jweloper\\projects\\demos\\searching-demo\\src\\components\\atomic-desing\\organisms\\filter\\index.tsx": {"path":"C:\\Users\\jveloper\\Documents\\jweloper\\projects\\demos\\searching-demo\\src\\components\\atomic-desing\\organisms\\filter\\index.tsx","statementMap":{"0":{"start":{"line":48,"column":22},"end":{"line":191,"column":null}},"1":{"start":{"line":60,"column":37},"end":{"line":60,"column":null}},"2":{"start":{"line":61,"column":55},"end":{"line":62,"column":null}},"3":{"start":{"line":63,"column":49},"end":{"line":64,"column":null}},"4":{"start":{"line":65,"column":41},"end":{"line":65,"column":null}},"5":{"start":{"line":67,"column":8},"end":{"line":73,"column":null}},"6":{"start":{"line":69,"column":20},"end":{"line":69,"column":34}},"7":{"start":{"line":70,"column":6},"end":{"line":70,"column":null}},"8":{"start":{"line":71,"column":6},"end":{"line":71,"column":null}},"9":{"start":{"line":76,"column":8},"end":{"line":81,"column":null}},"10":{"start":{"line":78,"column":6},"end":{"line":78,"column":null}},"11":{"start":{"line":79,"column":6},"end":{"line":79,"column":null}},"12":{"start":{"line":84,"column":8},"end":{"line":89,"column":null}},"13":{"start":{"line":86,"column":6},"end":{"line":86,"column":null}},"14":{"start":{"line":87,"column":6},"end":{"line":87,"column":null}},"15":{"start":{"line":92,"column":8},"end":{"line":99,"column":null}},"16":{"start":{"line":93,"column":4},"end":{"line":97,"column":null}},"17":{"start":{"line":98,"column":4},"end":{"line":98,"column":null}},"18":{"start":{"line":138,"column":37},"end":{"line":138,"column":null}},"19":{"start":{"line":163,"column":37},"end":{"line":163,"column":null}}},"fnMap":{"0":{"name":"(anonymous_0)","decl":{"start":{"line":48,"column":22},"end":{"line":48,"column":23}},"loc":{"start":{"line":59,"column":14},"end":{"line":191,"column":null}},"line":59},"1":{"name":"(anonymous_1)","decl":{"start":{"line":68,"column":4},"end":{"line":68,"column":5}},"loc":{"start":{"line":68,"column":5},"end":{"line":72,"column":null}},"line":68},"2":{"name":"(anonymous_2)","decl":{"start":{"line":77,"column":4},"end":{"line":77,"column":5}},"loc":{"start":{"line":77,"column":5},"end":{"line":80,"column":null}},"line":77},"3":{"name":"(anonymous_3)","decl":{"start":{"line":85,"column":4},"end":{"line":85,"column":5}},"loc":{"start":{"line":85,"column":5},"end":{"line":88,"column":null}},"line":85},"4":{"name":"(anonymous_4)","decl":{"start":{"line":92,"column":40},"end":{"line":92,"column":null}},"loc":{"start":{"line":92,"column":40},"end":{"line":99,"column":5}},"line":92},"5":{"name":"(anonymous_5)","decl":{"start":{"line":138,"column":31},"end":{"line":138,"column":37}},"loc":{"start":{"line":138,"column":37},"end":{"line":138,"column":null}},"line":138},"6":{"name":"(anonymous_6)","decl":{"start":{"line":163,"column":31},"end":{"line":163,"column":37}},"loc":{"start":{"line":163,"column":37},"end":{"line":163,"column":null}},"line":163}},"branchMap":{"0":{"loc":{"start":{"line":49,"column":2},"end":{"line":49,"column":18}},"type":"default-arg","locations":[{"start":{"line":49,"column":16},"end":{"line":49,"column":18}}],"line":49},"1":{"loc":{"start":{"line":51,"column":2},"end":{"line":51,"column":25}},"type":"default-arg","locations":[{"start":{"line":51,"column":20},"end":{"line":51,"column":25}}],"line":51},"2":{"loc":{"start":{"line":52,"column":2},"end":{"line":52,"column":22}},"type":"default-arg","locations":[{"start":{"line":52,"column":17},"end":{"line":52,"column":22}}],"line":52},"3":{"loc":{"start":{"line":134,"column":24},"end":{"line":136,"column":null}},"type":"cond-expr","locations":[{"start":{"line":135,"column":28},"end":{"line":135,"column":null}},{"start":{"line":136,"column":28},"end":{"line":136,"column":null}}],"line":134},"4":{"loc":{"start":{"line":141,"column":24},"end":{"line":142,"column":null}},"type":"binary-expr","locations":[{"start":{"line":141,"column":24},"end":{"line":141,"column":61}},{"start":{"line":142,"column":26},"end":{"line":142,"column":null}}],"line":141},"5":{"loc":{"start":{"line":159,"column":24},"end":{"line":161,"column":null}},"type":"cond-expr","locations":[{"start":{"line":160,"column":28},"end":{"line":160,"column":null}},{"start":{"line":161,"column":28},"end":{"line":161,"column":null}}],"line":159},"6":{"loc":{"start":{"line":166,"column":24},"end":{"line":167,"column":null}},"type":"binary-expr","locations":[{"start":{"line":166,"column":24},"end":{"line":166,"column":58}},{"start":{"line":167,"column":26},"end":{"line":167,"column":null}}],"line":166}},"s":{"0":2,"1":65,"2":65,"3":65,"4":65,"5":65,"6":8,"7":8,"8":8,"9":65,"10":5,"11":5,"12":65,"13":4,"14":4,"15":65,"16":3,"17":3,"18":5,"19":4},"f":{"0":65,"1":8,"2":5,"3":4,"4":3,"5":5,"6":4},"b":{"0":[65],"1":[65],"2":[65],"3":[65,130],"4":[195,65],"5":[65,130],"6":[195,65]},"meta":{"lastBranch":7,"lastFunction":7,"lastStatement":20,"seen":{"s:48:22:191:Infinity":0,"f:48:22:48:23":0,"b:49:16:49:18":0,"b:51:20:51:25":1,"b:52:17:52:22":2,"s:60:37:60:Infinity":1,"s:61:55:62:Infinity":2,"s:63:49:64:Infinity":3,"s:65:41:65:Infinity":4,"s:67:8:73:Infinity":5,"f:68:4:68:5":1,"s:69:20:69:34":6,"s:70:6:70:Infinity":7,"s:71:6:71:Infinity":8,"s:76:8:81:Infinity":9,"f:77:4:77:5":2,"s:78:6:78:Infinity":10,"s:79:6:79:Infinity":11,"s:84:8:89:Infinity":12,"f:85:4:85:5":3,"s:86:6:86:Infinity":13,"s:87:6:87:Infinity":14,"s:92:8:99:Infinity":15,"f:92:40:92:Infinity":4,"s:93:4:97:Infinity":16,"s:98:4:98:Infinity":17,"b:135:28:135:Infinity:136:28:136:Infinity":3,"f:138:31:138:37":5,"s:138:37:138:Infinity":18,"b:141:24:141:61:142:26:142:Infinity":4,"b:160:28:160:Infinity:161:28:161:Infinity":5,"f:163:31:163:37":6,"s:163:37:163:Infinity":19,"b:166:24:166:58:167:26:167:Infinity":6}}}
,"C:\\Users\\jveloper\\Documents\\jweloper\\projects\\demos\\searching-demo\\src\\config\\icons.ts": {"path":"C:\\Users\\jveloper\\Documents\\jweloper\\projects\\demos\\searching-demo\\src\\config\\icons.ts","statementMap":{"0":{"start":{"line":6,"column":45},"end":{"line":22,"column":null}}},"fnMap":{},"branchMap":{},"s":{"0":11},"f":{},"b":{},"meta":{"lastBranch":0,"lastFunction":0,"lastStatement":1,"seen":{"s:6:45:22:Infinity":0}}}
,"C:\\Users\\jveloper\\Documents\\jweloper\\projects\\demos\\searching-demo\\src\\config\\index.ts": {"path":"C:\\Users\\jveloper\\Documents\\jweloper\\projects\\demos\\searching-demo\\src\\config\\index.ts","statementMap":{},"fnMap":{},"branchMap":{},"s":{},"f":{},"b":{},"meta":{"lastBranch":0,"lastFunction":0,"lastStatement":0,"seen":{}}}
,"C:\\Users\\jveloper\\Documents\\jweloper\\projects\\demos\\searching-demo\\src\\context\\index.ts": {"path":"C:\\Users\\jveloper\\Documents\\jweloper\\projects\\demos\\searching-demo\\src\\context\\index.ts","statementMap":{},"fnMap":{},"branchMap":{},"s":{},"f":{},"b":{},"meta":{"lastBranch":0,"lastFunction":0,"lastStatement":0,"seen":{}}}
,"C:\\Users\\jveloper\\Documents\\jweloper\\projects\\demos\\searching-demo\\src\\context\\use-characters-starred.ts": {"path":"C:\\Users\\jveloper\\Documents\\jweloper\\projects\\demos\\searching-demo\\src\\context\\use-characters-starred.ts","statementMap":{"0":{"start":{"line":12,"column":6},"end":{"line":14,"column":null}},"1":{"start":{"line":17,"column":36},"end":{"line":61,"column":null}},"2":{"start":{"line":18,"column":49},"end":{"line":19,"column":null}},"3":{"start":{"line":22,"column":23},"end":{"line":30,"column":null}},"4":{"start":{"line":23,"column":4},"end":{"line":29,"column":null}},"5":{"start":{"line":25,"column":6},"end":{"line":27,"column":null}},"6":{"start":{"line":25,"column":28},"end":{"line":25,"column":52}},"7":{"start":{"line":26,"column":8},"end":{"line":26,"column":null}},"8":{"start":{"line":28,"column":6},"end":{"line":28,"column":null}},"9":{"start":{"line":32,"column":26},"end":{"line":34,"column":null}},"10":{"start":{"line":33,"column":4},"end":{"line":33,"column":null}},"11":{"start":{"line":33,"column":33},"end":{"line":33,"column":null}},"12":{"start":{"line":33,"column":53},"end":{"line":33,"column":null}},"13":{"start":{"line":36,"column":33},"end":{"line":44,"column":null}},"14":{"start":{"line":37,"column":4},"end":{"line":43,"column":null}},"15":{"start":{"line":38,"column":24},"end":{"line":38,"column":null}},"16":{"start":{"line":38,"column":42},"end":{"line":38,"column":66}},"17":{"start":{"line":39,"column":6},"end":{"line":41,"column":null}},"18":{"start":{"line":40,"column":8},"end":{"line":40,"column":null}},"19":{"start":{"line":40,"column":35},"end":{"line":40,"column":59}},"20":{"start":{"line":42,"column":6},"end":{"line":42,"column":null}},"21":{"start":{"line":46,"column":29},"end":{"line":48,"column":null}},"22":{"start":{"line":47,"column":4},"end":{"line":47,"column":null}},"23":{"start":{"line":47,"column":42},"end":{"line":47,"column":null}},"24":{"start":{"line":50,"column":16},"end":{"line":50,"column":40}},"25":{"start":{"line":52,"column":2},"end":{"line":60,"column":null}}},"fnMap":{"0":{"name":"(anonymous_0)","decl":{"start":{"line":17,"column":36},"end":{"line":17,"column":null}},"loc":{"start":{"line":17,"column":36},"end":{"line":61,"column":null}},"line":17},"1":{"name":"(anonymous_1)","decl":{"start":{"line":22,"column":23},"end":{"line":22,"column":24}},"loc":{"start":{"line":22,"column":24},"end":{"line":30,"column":null}},"line":22},"2":{"name":"(anonymous_2)","decl":{"start":{"line":23,"column":25},"end":{"line":23,"column":null}},"loc":{"start":{"line":23,"column":25},"end":{"line":29,"column":null}},"line":23},"3":{"name":"(anonymous_3)","decl":{"start":{"line":25,"column":20},"end":{"line":25,"column":28}},"loc":{"start":{"line":25,"column":28},"end":{"line":25,"column":52}},"line":25},"4":{"name":"(anonymous_4)","decl":{"start":{"line":32,"column":26},"end":{"line":32,"column":27}},"loc":{"start":{"line":32,"column":27},"end":{"line":34,"column":null}},"line":32},"5":{"name":"(anonymous_5)","decl":{"start":{"line":33,"column":25},"end":{"line":33,"column":33}},"loc":{"start":{"line":33,"column":33},"end":{"line":33,"column":null}},"line":33},"6":{"name":"(anonymous_6)","decl":{"start":{"line":33,"column":45},"end":{"line":33,"column":53}},"loc":{"start":{"line":33,"column":53},"end":{"line":33,"column":null}},"line":33},"7":{"name":"(anonymous_7)","decl":{"start":{"line":36,"column":33},"end":{"line":36,"column":34}},"loc":{"start":{"line":36,"column":34},"end":{"line":44,"column":null}},"line":36},"8":{"name":"(anonymous_8)","decl":{"start":{"line":37,"column":25},"end":{"line":37,"column":null}},"loc":{"start":{"line":37,"column":25},"end":{"line":43,"column":null}},"line":37},"9":{"name":"(anonymous_9)","decl":{"start":{"line":38,"column":34},"end":{"line":38,"column":42}},"loc":{"start":{"line":38,"column":42},"end":{"line":38,"column":66}},"line":38},"10":{"name":"(anonymous_10)","decl":{"start":{"line":40,"column":27},"end":{"line":40,"column":35}},"loc":{"start":{"line":40,"column":35},"end":{"line":40,"column":59}},"line":40},"11":{"name":"(anonymous_11)","decl":{"start":{"line":46,"column":29},"end":{"line":46,"column":30}},"loc":{"start":{"line":46,"column":30},"end":{"line":48,"column":null}},"line":46},"12":{"name":"(anonymous_12)","decl":{"start":{"line":47,"column":34},"end":{"line":47,"column":42}},"loc":{"start":{"line":47,"column":42},"end":{"line":47,"column":null}},"line":47}},"branchMap":{"0":{"loc":{"start":{"line":25,"column":6},"end":{"line":27,"column":null}},"type":"if","locations":[{"start":{"line":25,"column":6},"end":{"line":27,"column":null}},{"start":{},"end":{}}],"line":25},"1":{"loc":{"start":{"line":39,"column":6},"end":{"line":41,"column":null}},"type":"if","locations":[{"start":{"line":39,"column":6},"end":{"line":41,"column":null}},{"start":{},"end":{}}],"line":39}},"s":{"0":5,"1":5,"2":34,"3":34,"4":8,"5":8,"6":3,"7":1,"8":7,"9":34,"10":2,"11":2,"12":4,"13":34,"14":2,"15":2,"16":1,"17":2,"18":1,"19":1,"20":1,"21":34,"22":5,"23":3,"24":34,"25":34},"f":{"0":34,"1":8,"2":8,"3":3,"4":2,"5":2,"6":4,"7":2,"8":2,"9":1,"10":1,"11":5,"12":3},"b":{"0":[1,7],"1":[1,1]},"meta":{"lastBranch":2,"lastFunction":13,"lastStatement":26,"seen":{"s:12:6:14:Infinity":0,"s:17:36:61:Infinity":1,"f:17:36:17:Infinity":0,"s:18:49:19:Infinity":2,"s:22:23:30:Infinity":3,"f:22:23:22:24":1,"s:23:4:29:Infinity":4,"f:23:25:23:Infinity":2,"b:25:6:27:Infinity:undefined:undefined:undefined:undefined":0,"s:25:6:27:Infinity":5,"f:25:20:25:28":3,"s:25:28:25:52":6,"s:26:8:26:Infinity":7,"s:28:6:28:Infinity":8,"s:32:26:34:Infinity":9,"f:32:26:32:27":4,"s:33:4:33:Infinity":10,"f:33:25:33:33":5,"s:33:33:33:Infinity":11,"f:33:45:33:53":6,"s:33:53:33:Infinity":12,"s:36:33:44:Infinity":13,"f:36:33:36:34":7,"s:37:4:43:Infinity":14,"f:37:25:37:Infinity":8,"s:38:24:38:Infinity":15,"f:38:34:38:42":9,"s:38:42:38:66":16,"b:39:6:41:Infinity:undefined:undefined:undefined:undefined":1,"s:39:6:41:Infinity":17,"s:40:8:40:Infinity":18,"f:40:27:40:35":10,"s:40:35:40:59":19,"s:42:6:42:Infinity":20,"s:46:29:48:Infinity":21,"f:46:29:46:30":11,"s:47:4:47:Infinity":22,"f:47:34:47:42":12,"s:47:42:47:Infinity":23,"s:50:16:50:40":24,"s:52:2:60:Infinity":25}}}
,"C:\\Users\\jveloper\\Documents\\jweloper\\projects\\demos\\searching-demo\\src\\context\\use-selected-character.ts": {"path":"C:\\Users\\jveloper\\Documents\\jweloper\\projects\\demos\\searching-demo\\src\\context\\use-selected-character.ts","statementMap":{"0":{"start":{"line":10,"column":6},"end":{"line":10,"column":null}},"1":{"start":{"line":12,"column":36},"end":{"line":53,"column":null}},"2":{"start":{"line":17,"column":3},"end":{"line":19,"column":null}},"3":{"start":{"line":22,"column":44},"end":{"line":22,"column":null}},"4":{"start":{"line":23,"column":2},"end":{"line":29,"column":null}},"5":{"start":{"line":24,"column":4},"end":{"line":28,"column":null}},"6":{"start":{"line":25,"column":6},"end":{"line":25,"column":null}},"7":{"start":{"line":27,"column":6},"end":{"line":27,"column":null}},"8":{"start":{"line":32,"column":61},"end":{"line":33,"column":null}},"9":{"start":{"line":37,"column":22},"end":{"line":37,"column":null}},"10":{"start":{"line":40,"column":31},"end":{"line":47,"column":null}},"11":{"start":{"line":41,"column":4},"end":{"line":41,"column":null}},"12":{"start":{"line":42,"column":4},"end":{"line":46,"column":null}},"13":{"start":{"line":43,"column":6},"end":{"line":43,"column":null}},"14":{"start":{"line":45,"column":6},"end":{"line":45,"column":null}},"15":{"start":{"line":49,"column":2},"end":{"line":52,"column":null}}},"fnMap":{"0":{"name":"(anonymous_0)","decl":{"start":{"line":12,"column":36},"end":{"line":12,"column":null}},"loc":{"start":{"line":12,"column":36},"end":{"line":53,"column":null}},"line":12},"1":{"name":"(anonymous_1)","decl":{"start":{"line":40,"column":31},"end":{"line":40,"column":32}},"loc":{"start":{"line":40,"column":32},"end":{"line":47,"column":null}},"line":40}},"branchMap":{"0":{"loc":{"start":{"line":23,"column":2},"end":{"line":29,"column":null}},"type":"if","locations":[{"start":{"line":23,"column":2},"end":{"line":29,"column":null}},{"start":{},"end":{}}],"line":23},"1":{"loc":{"start":{"line":37,"column":22},"end":{"line":37,"column":null}},"type":"binary-expr","locations":[{"start":{"line":37,"column":22},"end":{"line":37,"column":46}},{"start":{"line":37,"column":46},"end":{"line":37,"column":null}}],"line":37},"2":{"loc":{"start":{"line":42,"column":4},"end":{"line":46,"column":null}},"type":"if","locations":[{"start":{"line":42,"column":4},"end":{"line":46,"column":null}},{"start":{"line":44,"column":11},"end":{"line":46,"column":null}}],"line":42}},"s":{"0":5,"1":5,"2":47,"3":47,"4":47,"5":9,"6":9,"7":0,"8":47,"9":47,"10":47,"11":12,"12":12,"13":6,"14":6,"15":47},"f":{"0":47,"1":12},"b":{"0":[9,38],"1":[47,38],"2":[6,6]},"meta":{"lastBranch":3,"lastFunction":2,"lastStatement":16,"seen":{"s:10:6:10:Infinity":0,"s:12:36:53:Infinity":1,"f:12:36:12:Infinity":0,"s:17:3:19:Infinity":2,"s:22:44:22:Infinity":3,"b:23:2:29:Infinity:undefined:undefined:undefined:undefined":0,"s:23:2:29:Infinity":4,"s:24:4:28:Infinity":5,"s:25:6:25:Infinity":6,"s:27:6:27:Infinity":7,"s:32:61:33:Infinity":8,"s:37:22:37:Infinity":9,"b:37:22:37:46:37:46:37:Infinity":1,"s:40:31:47:Infinity":10,"f:40:31:40:32":1,"s:41:4:41:Infinity":11,"b:42:4:46:Infinity:44:11:46:Infinity":2,"s:42:4:46:Infinity":12,"s:43:6:43:Infinity":13,"s:45:6:45:Infinity":14,"s:49:2:52:Infinity":15}}}
,"C:\\Users\\jveloper\\Documents\\jweloper\\projects\\demos\\searching-demo\\src\\fragments\\index.ts": {"path":"C:\\Users\\jveloper\\Documents\\jweloper\\projects\\demos\\searching-demo\\src\\fragments\\index.ts","statementMap":{},"fnMap":{},"branchMap":{},"s":{},"f":{},"b":{},"meta":{"lastBranch":0,"lastFunction":0,"lastStatement":0,"seen":{}}}
,"C:\\Users\\jveloper\\Documents\\jweloper\\projects\\demos\\searching-demo\\src\\fragments\\characters-list\\index.tsx": {"path":"C:\\Users\\jveloper\\Documents\\jweloper\\projects\\demos\\searching-demo\\src\\fragments\\characters-list\\index.tsx","statementMap":{"0":{"start":{"line":27,"column":54},"end":{"line":27,"column":null}},"1":{"start":{"line":30,"column":32},"end":{"line":30,"column":null}},"2":{"start":{"line":31,"column":54},"end":{"line":31,"column":null}},"3":{"start":{"line":33,"column":2},"end":{"line":41,"column":null}},"4":{"start":{"line":43,"column":2},"end":{"line":53,"column":null}},"5":{"start":{"line":55,"column":2},"end":{"line":63,"column":null}},"6":{"start":{"line":65,"column":2},"end":{"line":73,"column":null}},"7":{"start":{"line":87,"column":29},"end":{"line":87,"column":null}},"8":{"start":{"line":89,"column":33},"end":{"line":89,"column":null}}},"fnMap":{"0":{"name":"CharactersList","decl":{"start":{"line":22,"column":16},"end":{"line":22,"column":null}},"loc":{"start":{"line":22,"column":16},"end":{"line":106,"column":null}},"line":22},"1":{"name":"(anonymous_1)","decl":{"start":{"line":87,"column":23},"end":{"line":87,"column":29}},"loc":{"start":{"line":87,"column":29},"end":{"line":87,"column":null}},"line":87},"2":{"name":"(anonymous_2)","decl":{"start":{"line":89,"column":27},"end":{"line":89,"column":33}},"loc":{"start":{"line":89,"column":33},"end":{"line":89,"column":null}},"line":89}},"branchMap":{"0":{"loc":{"start":{"line":33,"column":2},"end":{"line":41,"column":null}},"type":"if","locations":[{"start":{"line":33,"column":2},"end":{"line":41,"column":null}},{"start":{},"end":{}}],"line":33},"1":{"loc":{"start":{"line":43,"column":2},"end":{"line":53,"column":null}},"type":"if","locations":[{"start":{"line":43,"column":2},"end":{"line":53,"column":null}},{"start":{},"end":{}}],"line":43},"2":{"loc":{"start":{"line":55,"column":2},"end":{"line":63,"column":null}},"type":"if","locations":[{"start":{"line":55,"column":2},"end":{"line":63,"column":null}},{"start":{},"end":{}}],"line":55},"3":{"loc":{"start":{"line":55,"column":6},"end":{"line":55,"column":42}},"type":"binary-expr","locations":[{"start":{"line":55,"column":6},"end":{"line":55,"column":15}},{"start":{"line":55,"column":15},"end":{"line":55,"column":42}}],"line":55},"4":{"loc":{"start":{"line":65,"column":2},"end":{"line":73,"column":null}},"type":"if","locations":[{"start":{"line":65,"column":2},"end":{"line":73,"column":null}},{"start":{},"end":{}}],"line":65}},"s":{"0":7,"1":7,"2":7,"3":7,"4":4,"5":3,"6":2,"7":0,"8":0},"f":{"0":7,"1":0,"2":0},"b":{"0":[3,4],"1":[1,3],"2":[1,2],"3":[3,3],"4":[1,1]},"meta":{"lastBranch":5,"lastFunction":3,"lastStatement":9,"seen":{"f:22:16:22:Infinity":0,"s:27:54:27:Infinity":0,"s:30:32:30:Infinity":1,"s:31:54:31:Infinity":2,"b:33:2:41:Infinity:undefined:undefined:undefined:undefined":0,"s:33:2:41:Infinity":3,"b:43:2:53:Infinity:undefined:undefined:undefined:undefined":1,"s:43:2:53:Infinity":4,"b:55:2:63:Infinity:undefined:undefined:undefined:undefined":2,"s:55:2:63:Infinity":5,"b:55:6:55:15:55:15:55:42":3,"b:65:2:73:Infinity:undefined:undefined:undefined:undefined":4,"s:65:2:73:Infinity":6,"f:87:23:87:29":1,"s:87:29:87:Infinity":7,"f:89:27:89:33":2,"s:89:33:89:Infinity":8}}}
,"C:\\Users\\jveloper\\Documents\\jweloper\\projects\\demos\\searching-demo\\src\\fragments\\characters-list\\hooks\\index.ts": {"path":"C:\\Users\\jveloper\\Documents\\jweloper\\projects\\demos\\searching-demo\\src\\fragments\\characters-list\\hooks\\index.ts","statementMap":{},"fnMap":{},"branchMap":{},"s":{},"f":{},"b":{},"meta":{"lastBranch":0,"lastFunction":0,"lastStatement":0,"seen":{}}}
,"C:\\Users\\jveloper\\Documents\\jweloper\\projects\\demos\\searching-demo\\src\\fragments\\characters-list\\hooks\\use-filtered-characters.ts": {"path":"C:\\Users\\jveloper\\Documents\\jweloper\\projects\\demos\\searching-demo\\src\\fragments\\characters-list\\hooks\\use-filtered-characters.ts","statementMap":{"0":{"start":{"line":28,"column":34},"end":{"line":28,"column":null}},"1":{"start":{"line":31,"column":29},"end":{"line":31,"column":null}},"2":{"start":{"line":36,"column":8},"end":{"line":40,"column":null}},"3":{"start":{"line":37,"column":4},"end":{"line":37,"column":null}},"4":{"start":{"line":37,"column":24},"end":{"line":37,"column":null}},"5":{"start":{"line":38,"column":23},"end":{"line":38,"column":null}},"6":{"start":{"line":38,"column":61},"end":{"line":38,"column":68}},"7":{"start":{"line":39,"column":4},"end":{"line":39,"column":null}},"8":{"start":{"line":39,"column":44},"end":{"line":39,"column":null}},"9":{"start":{"line":42,"column":2},"end":{"line":47,"column":null}}},"fnMap":{"0":{"name":"useFilteredCharacters","decl":{"start":{"line":24,"column":16},"end":{"line":24,"column":null}},"loc":{"start":{"line":24,"column":16},"end":{"line":48,"column":null}},"line":24},"1":{"name":"(anonymous_1)","decl":{"start":{"line":36,"column":37},"end":{"line":36,"column":null}},"loc":{"start":{"line":36,"column":37},"end":{"line":40,"column":5}},"line":36},"2":{"name":"(anonymous_2)","decl":{"start":{"line":38,"column":53},"end":{"line":38,"column":61}},"loc":{"start":{"line":38,"column":61},"end":{"line":38,"column":68}},"line":38},"3":{"name":"(anonymous_3)","decl":{"start":{"line":39,"column":31},"end":{"line":39,"column":44}},"loc":{"start":{"line":39,"column":44},"end":{"line":39,"column":null}},"line":39}},"branchMap":{"0":{"loc":{"start":{"line":37,"column":4},"end":{"line":37,"column":null}},"type":"if","locations":[{"start":{"line":37,"column":4},"end":{"line":37,"column":null}},{"start":{},"end":{}}],"line":37}},"s":{"0":8,"1":8,"2":8,"3":7,"4":4,"5":3,"6":3,"7":3,"8":8,"9":8},"f":{"0":8,"1":7,"2":3,"3":8},"b":{"0":[4,3]},"meta":{"lastBranch":1,"lastFunction":4,"lastStatement":10,"seen":{"f:24:16:24:Infinity":0,"s:28:34:28:Infinity":0,"s:31:29:31:Infinity":1,"s:36:8:40:Infinity":2,"f:36:37:36:Infinity":1,"b:37:4:37:Infinity:undefined:undefined:undefined:undefined":0,"s:37:4:37:Infinity":3,"s:37:24:37:Infinity":4,"s:38:23:38:Infinity":5,"f:38:53:38:61":2,"s:38:61:38:68":6,"s:39:4:39:Infinity":7,"f:39:31:39:44":3,"s:39:44:39:Infinity":8,"s:42:2:47:Infinity":9}}}
,"C:\\Users\\jveloper\\Documents\\jweloper\\projects\\demos\\searching-demo\\src\\fragments\\characters-starred-list\\index.tsx": {"path":"C:\\Users\\jveloper\\Documents\\jweloper\\projects\\demos\\searching-demo\\src\\fragments\\characters-starred-list\\index.tsx","statementMap":{"0":{"start":{"line":26,"column":3},"end":{"line":26,"column":null}},"1":{"start":{"line":27,"column":32},"end":{"line":27,"column":null}},"2":{"start":{"line":29,"column":2},"end":{"line":37,"column":null}},"3":{"start":{"line":47,"column":27},"end":{"line":47,"column":null}},"4":{"start":{"line":49,"column":31},"end":{"line":49,"column":null}}},"fnMap":{"0":{"name":"CharactersStarredList","decl":{"start":{"line":19,"column":16},"end":{"line":19,"column":null}},"loc":{"start":{"line":19,"column":16},"end":{"line":66,"column":null}},"line":19},"1":{"name":"(anonymous_1)","decl":{"start":{"line":47,"column":21},"end":{"line":47,"column":27}},"loc":{"start":{"line":47,"column":27},"end":{"line":47,"column":null}},"line":47},"2":{"name":"(anonymous_2)","decl":{"start":{"line":49,"column":25},"end":{"line":49,"column":31}},"loc":{"start":{"line":49,"column":31},"end":{"line":49,"column":null}},"line":49}},"branchMap":{"0":{"loc":{"start":{"line":29,"column":2},"end":{"line":37,"column":null}},"type":"if","locations":[{"start":{"line":29,"column":2},"end":{"line":37,"column":null}},{"start":{},"end":{}}],"line":29},"1":{"loc":{"start":{"line":29,"column":6},"end":{"line":29,"column":60}},"type":"binary-expr","locations":[{"start":{"line":29,"column":6},"end":{"line":29,"column":28}},{"start":{"line":29,"column":28},"end":{"line":29,"column":60}}],"line":29}},"s":{"0":2,"1":2,"2":2,"3":0,"4":0},"f":{"0":2,"1":0,"2":0},"b":{"0":[2,0],"1":[2,2]},"meta":{"lastBranch":2,"lastFunction":3,"lastStatement":5,"seen":{"f:19:16:19:Infinity":0,"s:26:3:26:Infinity":0,"s:27:32:27:Infinity":1,"b:29:2:37:Infinity:undefined:undefined:undefined:undefined":0,"s:29:2:37:Infinity":2,"b:29:6:29:28:29:28:29:60":1,"f:47:21:47:27":1,"s:47:27:47:Infinity":3,"f:49:25:49:31":2,"s:49:31:49:Infinity":4}}}
,"C:\\Users\\jveloper\\Documents\\jweloper\\projects\\demos\\searching-demo\\src\\fragments\\details-character\\index.tsx": {"path":"C:\\Users\\jveloper\\Documents\\jweloper\\projects\\demos\\searching-demo\\src\\fragments\\details-character\\index.tsx","statementMap":{"0":{"start":{"line":28,"column":32},"end":{"line":145,"column":null}},"1":{"start":{"line":30,"column":55},"end":{"line":30,"column":null}},"2":{"start":{"line":31,"column":30},"end":{"line":31,"column":null}},"3":{"start":{"line":40,"column":3},"end":{"line":40,"column":null}},"4":{"start":{"line":45,"column":20},"end":{"line":47,"column":null}},"5":{"start":{"line":52,"column":2},"end":{"line":61,"column":null}},"6":{"start":{"line":63,"column":2},"end":{"line":71,"column":null}},"7":{"start":{"line":73,"column":2},"end":{"line":84,"column":null}},"8":{"start":{"line":96,"column":23},"end":{"line":96,"column":null}},"9":{"start":{"line":121,"column":12},"end":{"line":121,"column":null}}},"fnMap":{"0":{"name":"(anonymous_0)","decl":{"start":{"line":28,"column":32},"end":{"line":28,"column":null}},"loc":{"start":{"line":28,"column":32},"end":{"line":145,"column":null}},"line":28},"1":{"name":"(anonymous_1)","decl":{"start":{"line":96,"column":17},"end":{"line":96,"column":23}},"loc":{"start":{"line":96,"column":23},"end":{"line":96,"column":null}},"line":96},"2":{"name":"(anonymous_2)","decl":{"start":{"line":116,"column":36},"end":{"line":116,"column":37}},"loc":{"start":{"line":116,"column":44},"end":{"line":141,"column":null}},"line":116}},"branchMap":{"0":{"loc":{"start":{"line":45,"column":20},"end":{"line":47,"column":null}},"type":"cond-expr","locations":[{"start":{"line":46,"column":6},"end":{"line":46,"column":null}},{"start":{"line":47,"column":6},"end":{"line":47,"column":null}}],"line":45},"1":{"loc":{"start":{"line":52,"column":2},"end":{"line":61,"column":null}},"type":"if","locations":[{"start":{"line":52,"column":2},"end":{"line":61,"column":null}},{"start":{},"end":{}}],"line":52},"2":{"loc":{"start":{"line":63,"column":2},"end":{"line":71,"column":null}},"type":"if","locations":[{"start":{"line":63,"column":2},"end":{"line":71,"column":null}},{"start":{},"end":{}}],"line":63},"3":{"loc":{"start":{"line":73,"column":2},"end":{"line":84,"column":null}},"type":"if","locations":[{"start":{"line":73,"column":2},"end":{"line":84,"column":null}},{"start":{},"end":{}}],"line":73},"4":{"loc":{"start":{"line":73,"column":6},"end":{"line":73,"column":35}},"type":"binary-expr","locations":[{"start":{"line":73,"column":6},"end":{"line":73,"column":15}},{"start":{"line":73,"column":15},"end":{"line":73,"column":35}}],"line":73},"5":{"loc":{"start":{"line":79,"column":16},"end":{"line":79,"column":null}},"type":"binary-expr","locations":[{"start":{"line":79,"column":16},"end":{"line":79,"column":34}},{"start":{"line":79,"column":34},"end":{"line":79,"column":null}}],"line":79},"6":{"loc":{"start":{"line":109,"column":16},"end":{"line":109,"column":null}},"type":"cond-expr","locations":[{"start":{"line":109,"column":28},"end":{"line":109,"column":39}},{"start":{"line":109,"column":42},"end":{"line":109,"column":null}}],"line":109},"7":{"loc":{"start":{"line":121,"column":12},"end":{"line":121,"column":null}},"type":"binary-expr","locations":[{"start":{"line":121,"column":12},"end":{"line":121,"column":59}},{"start":{"line":121,"column":63},"end":{"line":121,"column":null}}],"line":121},"8":{"loc":{"start":{"line":127,"column":16},"end":{"line":129,"column":null}},"type":"cond-expr","locations":[{"start":{"line":128,"column":20},"end":{"line":128,"column":null}},{"start":{"line":129,"column":20},"end":{"line":129,"column":null}}],"line":127}},"s":{"0":1,"1":2,"2":2,"3":2,"4":2,"5":2,"6":0,"7":0,"8":0,"9":0},"f":{"0":2,"1":0,"2":0},"b":{"0":[0,2],"1":[2,0],"2":[0,0],"3":[0,0],"4":[0,0],"5":[0,0],"6":[0,0],"7":[0,0],"8":[0,0]},"meta":{"lastBranch":9,"lastFunction":3,"lastStatement":10,"seen":{"s:28:32:145:Infinity":0,"f:28:32:28:Infinity":0,"s:30:55:30:Infinity":1,"s:31:30:31:Infinity":2,"s:40:3:40:Infinity":3,"s:45:20:47:Infinity":4,"b:46:6:46:Infinity:47:6:47:Infinity":0,"b:52:2:61:Infinity:undefined:undefined:undefined:undefined":1,"s:52:2:61:Infinity":5,"b:63:2:71:Infinity:undefined:undefined:undefined:undefined":2,"s:63:2:71:Infinity":6,"b:73:2:84:Infinity:undefined:undefined:undefined:undefined":3,"s:73:2:84:Infinity":7,"b:73:6:73:15:73:15:73:35":4,"b:79:16:79:34:79:34:79:Infinity":5,"f:96:17:96:23":1,"s:96:23:96:Infinity":8,"b:109:28:109:39:109:42:109:Infinity":6,"f:116:36:116:37":2,"s:121:12:121:Infinity":9,"b:121:12:121:59:121:63:121:Infinity":7,"b:128:20:128:Infinity:129:20:129:Infinity":8}}}
,"C:\\Users\\jveloper\\Documents\\jweloper\\projects\\demos\\searching-demo\\src\\fragments\\utils\\constants.ts": {"path":"C:\\Users\\jveloper\\Documents\\jweloper\\projects\\demos\\searching-demo\\src\\fragments\\utils\\constants.ts","statementMap":{"0":{"start":{"line":6,"column":48},"end":{"line":6,"column":null}}},"fnMap":{},"branchMap":{},"s":{"0":1},"f":{},"b":{},"meta":{"lastBranch":0,"lastFunction":0,"lastStatement":1,"seen":{"s:6:48:6:Infinity":0}}}
,"C:\\Users\\jveloper\\Documents\\jweloper\\projects\\demos\\searching-demo\\src\\fragments\\utils\\index.ts": {"path":"C:\\Users\\jveloper\\Documents\\jweloper\\projects\\demos\\searching-demo\\src\\fragments\\utils\\index.ts","statementMap":{},"fnMap":{},"branchMap":{},"s":{},"f":{},"b":{},"meta":{"lastBranch":0,"lastFunction":0,"lastStatement":0,"seen":{}}}
,"C:\\Users\\jveloper\\Documents\\jweloper\\projects\\demos\\searching-demo\\src\\graphql\\client.ts": {"path":"C:\\Users\\jveloper\\Documents\\jweloper\\projects\\demos\\searching-demo\\src\\graphql\\client.ts","statementMap":{"0":{"start":{"line":8,"column":25},"end":{"line":8,"column":null}},"1":{"start":{"line":10,"column":29},"end":{"line":10,"column":null}}},"fnMap":{},"branchMap":{},"s":{"0":4,"1":4},"f":{},"b":{},"meta":{"lastBranch":0,"lastFunction":0,"lastStatement":2,"seen":{"s:8:25:8:Infinity":0,"s:10:29:10:Infinity":1}}}
,"C:\\Users\\jveloper\\Documents\\jweloper\\projects\\demos\\searching-demo\\src\\graphql\\index.ts": {"path":"C:\\Users\\jveloper\\Documents\\jweloper\\projects\\demos\\searching-demo\\src\\graphql\\index.ts","statementMap":{},"fnMap":{},"branchMap":{},"s":{},"f":{},"b":{},"meta":{"lastBranch":0,"lastFunction":0,"lastStatement":0,"seen":{}}}
,"C:\\Users\\jveloper\\Documents\\jweloper\\projects\\demos\\searching-demo\\src\\graphql\\types.ts": {"path":"C:\\Users\\jveloper\\Documents\\jweloper\\projects\\demos\\searching-demo\\src\\graphql\\types.ts","statementMap":{},"fnMap":{},"branchMap":{},"s":{},"f":{},"b":{},"meta":{"lastBranch":0,"lastFunction":0,"lastStatement":0,"seen":{}}}
,"C:\\Users\\jveloper\\Documents\\jweloper\\projects\\demos\\searching-demo\\src\\graphql\\queries\\characters.ts": {"path":"C:\\Users\\jveloper\\Documents\\jweloper\\projects\\demos\\searching-demo\\src\\graphql\\queries\\characters.ts","statementMap":{"0":{"start":{"line":8,"column":30},"end":{"line":29,"column":1}},"1":{"start":{"line":31,"column":33},"end":{"line":52,"column":1}}},"fnMap":{},"branchMap":{},"s":{"0":4,"1":4},"f":{},"b":{},"meta":{"lastBranch":0,"lastFunction":0,"lastStatement":2,"seen":{"s:8:30:29:1":0,"s:31:33:52:1":1}}}
[...]
,"C:\\Users\\jveloper\\Documents\\jweloper\\projects\\demos\\searching-demo\\src\\hooks\\useUrlParam.ts": {"path":"C:\\Users\\jveloper\\Documents\\jweloper\\projects\\demos\\searching-demo\\src\\hooks\\useUrlParam.ts","statementMap":{"0":{"start":{"line":27,"column":39},"end":{"line":27,"column":null}},"1":{"start":{"line":28,"column":55},"end":{"line":28,"column":null}},"2":{"start":{"line":31,"column":19},"end":{"line":31,"column":null}},"3":{"start":{"line":32,"column":24},"end":{"line":32,"column":null}},"4":{"start":{"line":34,"column":2},"end":{"line":55,"column":null}},"5":{"start":{"line":35,"column":4},"end":{"line":35,"column":null}},"6":{"start":{"line":36,"column":9},"end":{"line":55,"column":null}},"7":{"start":{"line":37,"column":4},"end":{"line":37,"column":null}},"8":{"start":{"line":39,"column":4},"end":{"line":54,"column":null}},"9":{"start":{"line":41,"column":20},"end":{"line":41,"column":null}},"10":{"start":{"line":42,"column":8},"end":{"line":42,"column":null}},"11":{"start":{"line":43,"column":8},"end":{"line":43,"column":null}},"12":{"start":{"line":46,"column":22},"end":{"line":46,"column":null}},"13":{"start":{"line":47,"column":8},"end":{"line":49,"column":null}},"14":{"start":{"line":47,"column":47},"end":{"line":47,"column":null}},"15":{"start":{"line":48,"column":13},"end":{"line":49,"column":null}},"16":{"start":{"line":48,"column":53},"end":{"line":48,"column":null}},"17":{"start":{"line":49,"column":13},"end":{"line":49,"column":null}},"18":{"start":{"line":50,"column":8},"end":{"line":50,"column":null}},"19":{"start":{"line":53,"column":8},"end":{"line":53,"column":null}},"20":{"start":{"line":57,"column":20},"end":{"line":57,"column":null}},"21":{"start":{"line":59,"column":19},"end":{"line":69,"column":null}},"22":{"start":{"line":60,"column":4},"end":{"line":68,"column":null}},"23":{"start":{"line":61,"column":24},"end":{"line":61,"column":null}},"24":{"start":{"line":62,"column":6},"end":{"line":66,"column":null}},"25":{"start":{"line":63,"column":8},"end":{"line":63,"column":null}},"26":{"start":{"line":65,"column":8},"end":{"line":65,"column":null}},"27":{"start":{"line":67,"column":6},"end":{"line":67,"column":null}},"28":{"start":{"line":71,"column":17},"end":{"line":77,"column":null}},"29":{"start":{"line":72,"column":4},"end":{"line":76,"column":null}},"30":{"start":{"line":73,"column":24},"end":{"line":73,"column":null}},"31":{"start":{"line":74,"column":6},"end":{"line":74,"column":null}},"32":{"start":{"line":75,"column":6},"end":{"line":75,"column":null}},"33":{"start":{"line":79,"column":2},"end":{"line":79,"column":null}},"34":{"start":{"line":98,"column":39},"end":{"line":98,"column":null}},"35":{"start":{"line":100,"column":29},"end":{"line":100,"column":null}},"36":{"start":{"line":101,"column":2},"end":{"line":106,"column":null}},"37":{"start":{"line":102,"column":18},"end":{"line":102,"column":null}},"38":{"start":{"line":103,"column":4},"end":{"line":105,"column":null}},"39":{"start":{"line":104,"column":6},"end":{"line":104,"column":null}},"40":{"start":{"line":108,"column":19},"end":{"line":118,"column":null}},"41":{"start":{"line":109,"column":4},"end":{"line":117,"column":null}},"42":{"start":{"line":110,"column":24},"end":{"line":110,"column":null}},"43":{"start":{"line":111,"column":6},"end":{"line":115,"column":null}},"44":{"start":{"line":112,"column":8},"end":{"line":112,"column":null}},"45":{"start":{"line":114,"column":8},"end":{"line":114,"column":null}},"46":{"start":{"line":116,"column":6},"end":{"line":116,"column":null}},"47":{"start":{"line":120,"column":20},"end":{"line":132,"column":null}},"48":{"start":{"line":121,"column":4},"end":{"line":131,"column":null}},"49":{"start":{"line":122,"column":24},"end":{"line":122,"column":null}},"50":{"start":{"line":123,"column":6},"end":{"line":129,"column":null}},"51":{"start":{"line":124,"column":8},"end":{"line":128,"column":null}},"52":{"start":{"line":125,"column":10},"end":{"line":125,"column":null}},"53":{"start":{"line":127,"column":10},"end":{"line":127,"column":null}},"54":{"start":{"line":130,"column":6},"end":{"line":130,"column":null}},"55":{"start":{"line":134,"column":17},"end":{"line":140,"column":null}},"56":{"start":{"line":135,"column":4},"end":{"line":139,"column":null}},"57":{"start":{"line":136,"column":24},"end":{"line":136,"column":null}},"58":{"start":{"line":137,"column":6},"end":{"line":137,"column":null}},"59":{"start":{"line":138,"column":6},"end":{"line":138,"column":null}},"60":{"start":{"line":142,"column":20},"end":{"line":148,"column":null}},"61":{"start":{"line":143,"column":4},"end":{"line":147,"column":null}},"62":{"start":{"line":144,"column":24},"end":{"line":144,"column":null}},"63":{"start":{"line":145,"column":6},"end":{"line":145,"column":null}},"64":{"start":{"line":145,"column":33},"end":{"line":145,"column":null}},"65":{"start":{"line":146,"column":6},"end":{"line":146,"column":null}},"66":{"start":{"line":150,"column":20},"end":{"line":150,"column":null}},"67":{"start":{"line":150,"column":38},"end":{"line":150,"column":null}},"68":{"start":{"line":152,"column":2},"end":{"line":152,"column":null}}},"fnMap":{"0":{"name":"useUrlParam","decl":{"start":{"line":23,"column":16},"end":{"line":23,"column":null}},"loc":{"start":{"line":25,"column":37},"end":{"line":80,"column":null}},"line":25},"1":{"name":"(anonymous_1)","decl":{"start":{"line":59,"column":19},"end":{"line":59,"column":20}},"loc":{"start":{"line":59,"column":20},"end":{"line":69,"column":null}},"line":59},"2":{"name":"(anonymous_2)","decl":{"start":{"line":60,"column":20},"end":{"line":60,"column":null}},"loc":{"start":{"line":60,"column":20},"end":{"line":68,"column":null}},"line":60},"3":{"name":"(anonymous_3)","decl":{"start":{"line":71,"column":17},"end":{"line":71,"column":null}},"loc":{"start":{"line":71,"column":17},"end":{"line":77,"column":null}},"line":71},"4":{"name":"(anonymous_4)","decl":{"start":{"line":72,"column":20},"end":{"line":72,"column":null}},"loc":{"start":{"line":72,"column":20},"end":{"line":76,"column":null}},"line":72},"5":{"name":"useUrlParams","decl":{"start":{"line":95,"column":16},"end":{"line":95,"column":null}},"loc":{"start":{"line":96,"column":25},"end":{"line":153,"column":null}},"line":96},"6":{"name":"(anonymous_6)","decl":{"start":{"line":108,"column":19},"end":{"line":108,"column":39}},"loc":{"start":{"line":108,"column":47},"end":{"line":118,"column":null}},"line":108},"7":{"name":"(anonymous_7)","decl":{"start":{"line":109,"column":20},"end":{"line":109,"column":null}},"loc":{"start":{"line":109,"column":20},"end":{"line":117,"column":null}},"line":109},"8":{"name":"(anonymous_8)","decl":{"start":{"line":120,"column":20},"end":{"line":120,"column":21}},"loc":{"start":{"line":120,"column":21},"end":{"line":132,"column":null}},"line":120},"9":{"name":"(anonymous_9)","decl":{"start":{"line":121,"column":20},"end":{"line":121,"column":null}},"loc":{"start":{"line":121,"column":20},"end":{"line":131,"column":null}},"line":121},"10":{"name":"(anonymous_10)","decl":{"start":{"line":134,"column":17},"end":{"line":134,"column":18}},"loc":{"start":{"line":134,"column":18},"end":{"line":140,"column":null}},"line":134},"11":{"name":"(anonymous_11)","decl":{"start":{"line":135,"column":20},"end":{"line":135,"column":null}},"loc":{"start":{"line":135,"column":20},"end":{"line":139,"column":null}},"line":135},"12":{"name":"(anonymous_12)","decl":{"start":{"line":142,"column":20},"end":{"line":142,"column":null}},"loc":{"start":{"line":142,"column":20},"end":{"line":148,"column":null}},"line":142},"13":{"name":"(anonymous_13)","decl":{"start":{"line":143,"column":20},"end":{"line":143,"column":null}},"loc":{"start":{"line":143,"column":20},"end":{"line":147,"column":null}},"line":143},"14":{"name":"(anonymous_14)","decl":{"start":{"line":145,"column":25},"end":{"line":145,"column":33}},"loc":{"start":{"line":145,"column":33},"end":{"line":145,"column":null}},"line":145},"15":{"name":"(anonymous_15)","decl":{"start":{"line":150,"column":20},"end":{"line":150,"column":21}},"loc":{"start":{"line":150,"column":38},"end":{"line":150,"column":null}},"line":150}},"branchMap":{"0":{"loc":{"start":{"line":25,"column":2},"end":{"line":25,"column":37}},"type":"default-arg","locations":[{"start":{"line":25,"column":35},"end":{"line":25,"column":37}}],"line":25},"1":{"loc":{"start":{"line":28,"column":24},"end":{"line":28,"column":39}},"type":"default-arg","locations":[{"start":{"line":28,"column":31},"end":{"line":28,"column":39}}],"line":28},"2":{"loc":{"start":{"line":34,"column":2},"end":{"line":55,"column":null}},"type":"if","locations":[{"start":{"line":34,"column":2},"end":{"line":55,"column":null}},{"start":{"line":36,"column":9},"end":{"line":55,"column":null}}],"line":34},"3":{"loc":{"start":{"line":35,"column":12},"end":{"line":35,"column":null}},"type":"binary-expr","locations":[{"start":{"line":35,"column":12},"end":{"line":35,"column":28}},{"start":{"line":35,"column":28},"end":{"line":35,"column":null}}],"line":35},"4":{"loc":{"start":{"line":36,"column":9},"end":{"line":55,"column":null}},"type":"if","locations":[{"start":{"line":36,"column":9},"end":{"line":55,"column":null}},{"start":{"line":38,"column":9},"end":{"line":55,"column":null}}],"line":36},"5":{"loc":{"start":{"line":36,"column":13},"end":{"line":36,"column":48}},"type":"binary-expr","locations":[{"start":{"line":36,"column":13},"end":{"line":36,"column":26}},{"start":{"line":36,"column":26},"end":{"line":36,"column":48}}],"line":36},"6":{"loc":{"start":{"line":37,"column":12},"end":{"line":37,"column":null}},"type":"binary-expr","locations":[{"start":{"line":37,"column":12},"end":{"line":37,"column":28}},{"start":{"line":37,"column":28},"end":{"line":37,"column":null}}],"line":37},"7":{"loc":{"start":{"line":39,"column":4},"end":{"line":54,"column":null}},"type":"switch","locations":[{"start":{"line":40,"column":6},"end":{"line":44,"column":null}},{"start":{"line":45,"column":6},"end":{"line":51,"column":null}},{"start":{"line":52,"column":6},"end":{"line":53,"column":null}}],"line":39},"8":{"loc":{"start":{"line":42,"column":16},"end":{"line":42,"column":null}},"type":"cond-expr","locations":[{"start":{"line":42,"column":37},"end":{"line":42,"column":62}},{"start":{"line":42,"column":62},"end":{"line":42,"column":null}}],"line":42},"9":{"loc":{"start":{"line":42,"column":37},"end":{"line":42,"column":62}},"type":"binary-expr","locations":[{"start":{"line":42,"column":37},"end":{"line":42,"column":53}},{"start":{"line":42,"column":53},"end":{"line":42,"column":62}}],"line":42},"10":{"loc":{"start":{"line":47,"column":8},"end":{"line":49,"column":null}},"type":"if","locations":[{"start":{"line":47,"column":8},"end":{"line":49,"column":null}},{"start":{"line":48,"column":13},"end":{"line":49,"column":null}}],"line":47},"11":{"loc":{"start":{"line":47,"column":12},"end":{"line":47,"column":47}},"type":"binary-expr","locations":[{"start":{"line":47,"column":12},"end":{"line":47,"column":32}},{"start":{"line":47,"column":32},"end":{"line":47,"column":47}}],"line":47},"12":{"loc":{"start":{"line":48,"column":13},"end":{"line":49,"column":null}},"type":"if","locations":[{"start":{"line":48,"column":13},"end":{"line":49,"column":null}},{"start":{"line":49,"column":13},"end":{"line":49,"column":null}}],"line":48},"13":{"loc":{"start":{"line":48,"column":17},"end":{"line":48,"column":53}},"type":"binary-expr","locations":[{"start":{"line":48,"column":17},"end":{"line":48,"column":38}},{"start":{"line":48,"column":38},"end":{"line":48,"column":53}}],"line":48},"14":{"loc":{"start":{"line":49,"column":21},"end":{"line":49,"column":null}},"type":"binary-expr","locations":[{"start":{"line":49,"column":21},"end":{"line":49,"column":37}},{"start":{"line":49,"column":37},"end":{"line":49,"column":null}}],"line":49},"15":{"loc":{"start":{"line":62,"column":6},"end":{"line":66,"column":null}},"type":"if","locations":[{"start":{"line":62,"column":6},"end":{"line":66,"column":null}},{"start":{"line":64,"column":13},"end":{"line":66,"column":null}}],"line":62},"16":{"loc":{"start":{"line":103,"column":4},"end":{"line":105,"column":null}},"type":"if","locations":[{"start":{"line":103,"column":4},"end":{"line":105,"column":null}},{"start":{},"end":{}}],"line":103},"17":{"loc":{"start":{"line":111,"column":6},"end":{"line":115,"column":null}},"type":"if","locations":[{"start":{"line":111,"column":6},"end":{"line":115,"column":null}},{"start":{"line":113,"column":13},"end":{"line":115,"column":null}}],"line":111},"18":{"loc":{"start":{"line":124,"column":8},"end":{"line":128,"column":null}},"type":"if","locations":[{"start":{"line":124,"column":8},"end":{"line":128,"column":null}},{"start":{"line":126,"column":15},"end":{"line":128,"column":null}}],"line":124}},"s":{"0":57,"1":57,"2":57,"3":57,"4":57,"5":42,"6":15,"7":1,"8":14,"9":1,"10":1,"11":1,"12":1,"13":1,"14":1,"15":0,"16":0,"17":0,"18":1,"19":12,"20":57,"21":57,"22":7,"23":7,"24":7,"25":0,"26":7,"27":7,"28":57,"29":7,"30":7,"31":7,"32":7,"33":57,"34":10,"35":10,"36":10,"37":20,"38":20,"39":10,"40":10,"41":1,"42":1,"43":1,"44":0,"45":1,"46":1,"47":10,"48":1,"49":1,"50":1,"51":2,"52":0,"53":2,"54":1,"55":10,"56":1,"57":1,"58":1,"59":1,"60":10,"61":1,"62":1,"63":1,"64":2,"65":1,"66":10,"67":4,"68":10},"f":{"0":57,"1":7,"2":7,"3":7,"4":7,"5":10,"6":1,"7":1,"8":1,"9":1,"10":1,"11":1,"12":1,"13":1,"14":2,"15":4},"b":{"0":[57],"1":[57],"2":[42,15],"3":[42,41],"4":[1,14],"5":[15,1],"6":[1,0],"7":[1,1,12],"8":[0,1],"9":[0,0],"10":[1,0],"11":[1,0],"12":[0,0],"13":[0,0],"14":[0,0],"15":[0,7],"16":[10,10],"17":[0,1],"18":[0,2]},"meta":{"lastBranch":19,"lastFunction":16,"lastStatement":69,"seen":{"f:23:16:23:Infinity":0,"b:25:35:25:37":0,"s:27:39:27:Infinity":0,"s:28:55:28:Infinity":1,"b:28:31:28:39":1,"s:31:19:31:Infinity":2,"s:32:24:32:Infinity":3,"b:34:2:55:Infinity:36:9:55:Infinity":2,"s:34:2:55:Infinity":4,"s:35:4:35:Infinity":5,"b:35:12:35:28:35:28:35:Infinity":3,"b:36:9:55:Infinity:38:9:55:Infinity":4,"s:36:9:55:Infinity":6,"b:36:13:36:26:36:26:36:48":5,"s:37:4:37:Infinity":7,"b:37:12:37:28:37:28:37:Infinity":6,"b:40:6:44:Infinity:45:6:51:Infinity:52:6:53:Infinity":7,"s:39:4:54:Infinity":8,"s:41:20:41:Infinity":9,"s:42:8:42:Infinity":10,"b:42:37:42:62:42:62:42:Infinity":8,"b:42:37:42:53:42:53:42:62":9,"s:43:8:43:Infinity":11,"s:46:22:46:Infinity":12,"b:47:8:49:Infinity:48:13:49:Infinity":10,"s:47:8:49:Infinity":13,"b:47:12:47:32:47:32:47:47":11,"s:47:47:47:Infinity":14,"b:48:13:49:Infinity:49:13:49:Infinity":12,"s:48:13:49:Infinity":15,"b:48:17:48:38:48:38:48:53":13,"s:48:53:48:Infinity":16,"s:49:13:49:Infinity":17,"b:49:21:49:37:49:37:49:Infinity":14,"s:50:8:50:Infinity":18,"s:53:8:53:Infinity":19,"s:57:20:57:Infinity":20,"s:59:19:69:Infinity":21,"f:59:19:59:20":1,"s:60:4:68:Infinity":22,"f:60:20:60:Infinity":2,"s:61:24:61:Infinity":23,"b:62:6:66:Infinity:64:13:66:Infinity":15,"s:62:6:66:Infinity":24,"s:63:8:63:Infinity":25,"s:65:8:65:Infinity":26,"s:67:6:67:Infinity":27,"s:71:17:77:Infinity":28,"f:71:17:71:Infinity":3,"s:72:4:76:Infinity":29,"f:72:20:72:Infinity":4,"s:73:24:73:Infinity":30,"s:74:6:74:Infinity":31,"s:75:6:75:Infinity":32,"s:79:2:79:Infinity":33,"f:95:16:95:Infinity":5,"s:98:39:98:Infinity":34,"s:100:29:100:Infinity":35,"s:101:2:106:Infinity":36,"s:102:18:102:Infinity":37,"b:103:4:105:Infinity:undefined:undefined:undefined:undefined":16,"s:103:4:105:Infinity":38,"s:104:6:104:Infinity":39,"s:108:19:118:Infinity":40,"f:108:19:108:39":6,"s:109:4:117:Infinity":41,"f:109:20:109:Infinity":7,"s:110:24:110:Infinity":42,"b:111:6:115:Infinity:113:13:115:Infinity":17,"s:111:6:115:Infinity":43,"s:112:8:112:Infinity":44,"s:114:8:114:Infinity":45,"s:116:6:116:Infinity":46,"s:120:20:132:Infinity":47,"f:120:20:120:21":8,"s:121:4:131:Infinity":48,"f:121:20:121:Infinity":9,"s:122:24:122:Infinity":49,"s:123:6:129:Infinity":50,"b:124:8:128:Infinity:126:15:128:Infinity":18,"s:124:8:128:Infinity":51,"s:125:10:125:Infinity":52,"s:127:10:127:Infinity":53,"s:130:6:130:Infinity":54,"s:134:17:140:Infinity":55,"f:134:17:134:18":10,"s:135:4:139:Infinity":56,"f:135:20:135:Infinity":11,"s:136:24:136:Infinity":57,"s:137:6:137:Infinity":58,"s:138:6:138:Infinity":59,"s:142:20:148:Infinity":60,"f:142:20:142:Infinity":12,"s:143:4:147:Infinity":61,"f:143:20:143:Infinity":13,"s:144:24:144:Infinity":62,"s:145:6:145:Infinity":63,"f:145:25:145:33":14,"s:145:33:145:Infinity":64,"s:146:6:146:Infinity":65,"s:150:20:150:Infinity":66,"f:150:20:150:21":15,"s:150:38:150:Infinity":67,"s:152:2:152:Infinity":68}}}
,"C:\\Users\\jveloper\\Documents\\jweloper\\projects\\demos\\searching-demo\\src\\utils\\cn.ts": {"path":"C:\\Users\\jveloper\\Documents\\jweloper\\projects\\demos\\searching-demo\\src\\utils\\cn.ts","statementMap":{"0":{"start":{"line":11,"column":2},"end":{"line":11,"column":null}}},"fnMap":{"0":{"name":"cn","decl":{"start":{"line":10,"column":16},"end":{"line":10,"column":19}},"loc":{"start":{"line":10,"column":42},"end":{"line":12,"column":null}},"line":10}},"branchMap":{},"s":{"0":1400},"f":{"0":1400},"b":{},"meta":{"lastBranch":0,"lastFunction":1,"lastStatement":1,"seen":{"f:10:16:10:19":0,"s:11:2:11:Infinity":0}}}
,"C:\\Users\\jveloper\\Documents\\jweloper\\projects\\demos\\searching-demo\\src\\utils\\constants.ts": {"path":"C:\\Users\\jveloper\\Documents\\jweloper\\projects\\demos\\searching-demo\\src\\utils\\constants.ts","statementMap":{"0":{"start":{"line":12,"column":73},"end":{"line":16,"column":null}},"1":{"start":{"line":18,"column":67},"end":{"line":22,"column":null}}},"fnMap":{},"branchMap":{},"s":{"0":1,"1":1},"f":{},"b":{},"meta":{"lastBranch":0,"lastFunction":0,"lastStatement":2,"seen":{"s:12:73:16:Infinity":0,"s:18:67:22:Infinity":1}}}
,"C:\\Users\\jveloper\\Documents\\jweloper\\projects\\demos\\searching-demo\\src\\utils\\functions.ts": {"path":"C:\\Users\\jveloper\\Documents\\jweloper\\projects\\demos\\searching-demo\\src\\utils\\functions.ts","statementMap":{"0":{"start":{"line":7,"column":2},"end":{"line":7,"column":null}},"1":{"start":{"line":7,"column":13},"end":{"line":7,"column":null}},"2":{"start":{"line":8,"column":2},"end":{"line":8,"column":null}}},"fnMap":{"0":{"name":"capitalizeFirstLetter","decl":{"start":{"line":6,"column":16},"end":{"line":6,"column":38}},"loc":{"start":{"line":6,"column":50},"end":{"line":9,"column":null}},"line":6}},"branchMap":{"0":{"loc":{"start":{"line":7,"column":2},"end":{"line":7,"column":null}},"type":"if","locations":[{"start":{"line":7,"column":2},"end":{"line":7,"column":null}},{"start":{},"end":{}}],"line":7}},"s":{"0":0,"1":0,"2":0},"f":{"0":0},"b":{"0":[0,0]},"meta":{"lastBranch":1,"lastFunction":1,"lastStatement":3,"seen":{"f:6:16:6:38":0,"b:7:2:7:Infinity:undefined:undefined:undefined:undefined":0,"s:7:2:7:Infinity":0,"s:7:13:7:Infinity":1,"s:8:2:8:Infinity":2}}}
,"C:\\Users\\jveloper\\Documents\\jweloper\\projects\\demos\\searching-demo\\src\\utils\\index.ts": {"path":"C:\\Users\\jveloper\\Documents\\jweloper\\projects\\demos\\searching-demo\\src\\utils\\index.ts","statementMap":{},"fnMap":{},"branchMap":{},"s":{},"f":{},"b":{},"meta":{"lastBranch":0,"lastFunction":0,"lastStatement":0,"seen":{}}}
}
